{"/home/raul/WebstormProjects/FRONTEND/e2e/protractor.conf.js":{"path":"/home/raul/WebstormProjects/FRONTEND/e2e/protractor.conf.js","statementMap":{"0":{"start":{"line":4,"column":25},"end":{"line":4,"column":57}},"1":{"start":{"line":6,"column":0},"end":{"line":32,"column":2}},"2":{"start":{"line":27,"column":4},"end":{"line":29,"column":7}},"3":{"start":{"line":30,"column":4},"end":{"line":30,"column":90}}},"fnMap":{"0":{"name":"(anonymous_0)","decl":{"start":{"line":21,"column":11},"end":{"line":21,"column":12}},"loc":{"start":{"line":21,"column":22},"end":{"line":21,"column":24}},"line":21},"1":{"name":"(anonymous_1)","decl":{"start":{"line":26,"column":2},"end":{"line":26,"column":3}},"loc":{"start":{"line":26,"column":14},"end":{"line":31,"column":3}},"line":26}},"branchMap":{},"s":{"0":1,"1":1,"2":1,"3":1},"f":{"0":42,"1":1},"b":{},"_coverageSchema":"1a1c01bbd47fc00a2c39e90264f33305004495a9","hash":"8ec2be6046b85d147e09c05a62aba8245496f2f2","contentHash":"22a2fb3652847659586fd1f4bd4aded4dc8a678bb5fcb66b6e84fc72ec8aaaef"},"/home/raul/WebstormProjects/FRONTEND/e2e/src/e2e-spec.ts":{"path":"/home/raul/WebstormProjects/FRONTEND/e2e/src/e2e-spec.ts","statementMap":{"0":{"start":{"line":2,"column":16},"end":{"line":10,"column":1}},"1":{"start":{"line":3,"column":28},"end":{"line":3,"column":110}},"2":{"start":{"line":3,"column":91},"end":{"line":3,"column":106}},"3":{"start":{"line":4,"column":4},"end":{"line":9,"column":7}},"4":{"start":{"line":5,"column":36},"end":{"line":5,"column":97}},"5":{"start":{"line":5,"column":42},"end":{"line":5,"column":70}},"6":{"start":{"line":5,"column":85},"end":{"line":5,"column":95}},"7":{"start":{"line":6,"column":35},"end":{"line":6,"column":100}},"8":{"start":{"line":6,"column":41},"end":{"line":6,"column":73}},"9":{"start":{"line":6,"column":88},"end":{"line":6,"column":98}},"10":{"start":{"line":7,"column":32},"end":{"line":7,"column":116}},"11":{"start":{"line":8,"column":8},"end":{"line":8,"column":78}},"12":{"start":{"line":11,"column":18},"end":{"line":37,"column":1}},"13":{"start":{"line":12,"column":12},"end":{"line":12,"column":104}},"14":{"start":{"line":12,"column":43},"end":{"line":12,"column":68}},"15":{"start":{"line":12,"column":57},"end":{"line":12,"column":68}},"16":{"start":{"line":12,"column":69},"end":{"line":12,"column":81}},"17":{"start":{"line":13,"column":4},"end":{"line":13,"column":157}},"18":{"start":{"line":13,"column":138},"end":{"line":13,"column":150}},"19":{"start":{"line":14,"column":23},"end":{"line":14,"column":68}},"20":{"start":{"line":14,"column":45},"end":{"line":14,"column":65}},"21":{"start":{"line":16,"column":8},"end":{"line":16,"column":70}},"22":{"start":{"line":16,"column":15},"end":{"line":16,"column":70}},"23":{"start":{"line":17,"column":8},"end":{"line":34,"column":66}},"24":{"start":{"line":17,"column":18},"end":{"line":34,"column":66}},"25":{"start":{"line":18,"column":12},"end":{"line":18,"column":169}},"26":{"start":{"line":18,"column":160},"end":{"line":18,"column":169}},"27":{"start":{"line":19,"column":12},"end":{"line":19,"column":52}},"28":{"start":{"line":19,"column":26},"end":{"line":19,"column":52}},"29":{"start":{"line":20,"column":12},"end":{"line":32,"column":13}},"30":{"start":{"line":21,"column":32},"end":{"line":21,"column":39}},"31":{"start":{"line":21,"column":40},"end":{"line":21,"column":46}},"32":{"start":{"line":22,"column":24},"end":{"line":22,"column":34}},"33":{"start":{"line":22,"column":35},"end":{"line":22,"column":72}},"34":{"start":{"line":23,"column":24},"end":{"line":23,"column":34}},"35":{"start":{"line":23,"column":35},"end":{"line":23,"column":45}},"36":{"start":{"line":23,"column":46},"end":{"line":23,"column":55}},"37":{"start":{"line":23,"column":56},"end":{"line":23,"column":65}},"38":{"start":{"line":24,"column":24},"end":{"line":24,"column":41}},"39":{"start":{"line":24,"column":42},"end":{"line":24,"column":55}},"40":{"start":{"line":24,"column":56},"end":{"line":24,"column":65}},"41":{"start":{"line":26,"column":20},"end":{"line":26,"column":128}},"42":{"start":{"line":26,"column":110},"end":{"line":26,"column":116}},"43":{"start":{"line":26,"column":117},"end":{"line":26,"column":126}},"44":{"start":{"line":27,"column":20},"end":{"line":27,"column":106}},"45":{"start":{"line":27,"column":81},"end":{"line":27,"column":97}},"46":{"start":{"line":27,"column":98},"end":{"line":27,"column":104}},"47":{"start":{"line":28,"column":20},"end":{"line":28,"column":89}},"48":{"start":{"line":28,"column":57},"end":{"line":28,"column":72}},"49":{"start":{"line":28,"column":73},"end":{"line":28,"column":80}},"50":{"start":{"line":28,"column":81},"end":{"line":28,"column":87}},"51":{"start":{"line":29,"column":20},"end":{"line":29,"column":87}},"52":{"start":{"line":29,"column":47},"end":{"line":29,"column":62}},"53":{"start":{"line":29,"column":63},"end":{"line":29,"column":78}},"54":{"start":{"line":29,"column":79},"end":{"line":29,"column":85}},"55":{"start":{"line":30,"column":20},"end":{"line":30,"column":42}},"56":{"start":{"line":30,"column":30},"end":{"line":30,"column":42}},"57":{"start":{"line":31,"column":20},"end":{"line":31,"column":33}},"58":{"start":{"line":31,"column":34},"end":{"line":31,"column":43}},"59":{"start":{"line":33,"column":12},"end":{"line":33,"column":39}},"60":{"start":{"line":34,"column":22},"end":{"line":34,"column":34}},"61":{"start":{"line":34,"column":35},"end":{"line":34,"column":41}},"62":{"start":{"line":34,"column":54},"end":{"line":34,"column":64}},"63":{"start":{"line":35,"column":8},"end":{"line":35,"column":35}},"64":{"start":{"line":35,"column":23},"end":{"line":35,"column":35}},"65":{"start":{"line":35,"column":36},"end":{"line":35,"column":89}},"66":{"start":{"line":38,"column":0},"end":{"line":38,"column":62}},"67":{"start":{"line":39,"column":19},"end":{"line":39,"column":40}},"68":{"start":{"line":40,"column":0},"end":{"line":464,"column":3}},"69":{"start":{"line":41,"column":4},"end":{"line":53,"column":11}},"70":{"start":{"line":41,"column":98},"end":{"line":53,"column":7}},"71":{"start":{"line":42,"column":8},"end":{"line":52,"column":11}},"72":{"start":{"line":43,"column":12},"end":{"line":43,"column":52}},"73":{"start":{"line":44,"column":12},"end":{"line":44,"column":101}},"74":{"start":{"line":45,"column":12},"end":{"line":45,"column":107}},"75":{"start":{"line":46,"column":12},"end":{"line":46,"column":114}},"76":{"start":{"line":47,"column":12},"end":{"line":47,"column":96}},"77":{"start":{"line":48,"column":12},"end":{"line":48,"column":103}},"78":{"start":{"line":49,"column":12},"end":{"line":49,"column":120}},"79":{"start":{"line":50,"column":12},"end":{"line":50,"column":83}},"80":{"start":{"line":51,"column":12},"end":{"line":51,"column":34}},"81":{"start":{"line":54,"column":4},"end":{"line":71,"column":11}},"82":{"start":{"line":54,"column":66},"end":{"line":71,"column":7}},"83":{"start":{"line":55,"column":8},"end":{"line":70,"column":11}},"84":{"start":{"line":56,"column":12},"end":{"line":56,"column":49}},"85":{"start":{"line":57,"column":12},"end":{"line":57,"column":106}},"86":{"start":{"line":58,"column":12},"end":{"line":58,"column":99}},"87":{"start":{"line":59,"column":12},"end":{"line":59,"column":117}},"88":{"start":{"line":60,"column":12},"end":{"line":60,"column":124}},"89":{"start":{"line":61,"column":12},"end":{"line":61,"column":102}},"90":{"start":{"line":62,"column":12},"end":{"line":62,"column":147}},"91":{"start":{"line":63,"column":12},"end":{"line":63,"column":121}},"92":{"start":{"line":64,"column":12},"end":{"line":64,"column":112}},"93":{"start":{"line":65,"column":12},"end":{"line":65,"column":126}},"94":{"start":{"line":66,"column":12},"end":{"line":66,"column":51}},"95":{"start":{"line":67,"column":12},"end":{"line":67,"column":54}},"96":{"start":{"line":68,"column":12},"end":{"line":68,"column":128}},"97":{"start":{"line":69,"column":12},"end":{"line":69,"column":34}},"98":{"start":{"line":72,"column":4},"end":{"line":85,"column":11}},"99":{"start":{"line":72,"column":66},"end":{"line":85,"column":7}},"100":{"start":{"line":73,"column":8},"end":{"line":84,"column":11}},"101":{"start":{"line":74,"column":12},"end":{"line":74,"column":49}},"102":{"start":{"line":75,"column":12},"end":{"line":75,"column":106}},"103":{"start":{"line":76,"column":12},"end":{"line":76,"column":99}},"104":{"start":{"line":77,"column":12},"end":{"line":77,"column":117}},"105":{"start":{"line":78,"column":12},"end":{"line":78,"column":135}},"106":{"start":{"line":79,"column":12},"end":{"line":79,"column":122}},"107":{"start":{"line":80,"column":12},"end":{"line":80,"column":51}},"108":{"start":{"line":81,"column":12},"end":{"line":81,"column":54}},"109":{"start":{"line":82,"column":12},"end":{"line":82,"column":104}},"110":{"start":{"line":83,"column":12},"end":{"line":83,"column":34}},"111":{"start":{"line":86,"column":4},"end":{"line":102,"column":11}},"112":{"start":{"line":86,"column":86},"end":{"line":102,"column":7}},"113":{"start":{"line":87,"column":8},"end":{"line":101,"column":11}},"114":{"start":{"line":88,"column":12},"end":{"line":88,"column":49}},"115":{"start":{"line":89,"column":12},"end":{"line":89,"column":106}},"116":{"start":{"line":90,"column":12},"end":{"line":90,"column":99}},"117":{"start":{"line":91,"column":12},"end":{"line":91,"column":117}},"118":{"start":{"line":92,"column":12},"end":{"line":92,"column":124}},"119":{"start":{"line":93,"column":12},"end":{"line":93,"column":107}},"120":{"start":{"line":94,"column":12},"end":{"line":94,"column":121}},"121":{"start":{"line":95,"column":12},"end":{"line":95,"column":112}},"122":{"start":{"line":96,"column":12},"end":{"line":96,"column":126}},"123":{"start":{"line":97,"column":12},"end":{"line":97,"column":51}},"124":{"start":{"line":98,"column":12},"end":{"line":98,"column":54}},"125":{"start":{"line":99,"column":12},"end":{"line":99,"column":133}},"126":{"start":{"line":100,"column":12},"end":{"line":100,"column":34}},"127":{"start":{"line":103,"column":4},"end":{"line":121,"column":11}},"128":{"start":{"line":103,"column":86},"end":{"line":121,"column":7}},"129":{"start":{"line":104,"column":8},"end":{"line":120,"column":11}},"130":{"start":{"line":105,"column":12},"end":{"line":105,"column":49}},"131":{"start":{"line":106,"column":12},"end":{"line":106,"column":106}},"132":{"start":{"line":107,"column":12},"end":{"line":107,"column":99}},"133":{"start":{"line":108,"column":12},"end":{"line":108,"column":117}},"134":{"start":{"line":109,"column":12},"end":{"line":109,"column":124}},"135":{"start":{"line":110,"column":12},"end":{"line":110,"column":125}},"136":{"start":{"line":111,"column":12},"end":{"line":111,"column":112}},"137":{"start":{"line":112,"column":12},"end":{"line":112,"column":148}},"138":{"start":{"line":113,"column":12},"end":{"line":113,"column":121}},"139":{"start":{"line":114,"column":12},"end":{"line":114,"column":113}},"140":{"start":{"line":115,"column":12},"end":{"line":115,"column":125}},"141":{"start":{"line":116,"column":12},"end":{"line":116,"column":128}},"142":{"start":{"line":117,"column":12},"end":{"line":117,"column":161}},"143":{"start":{"line":118,"column":12},"end":{"line":118,"column":120}},"144":{"start":{"line":119,"column":12},"end":{"line":119,"column":34}},"145":{"start":{"line":122,"column":4},"end":{"line":133,"column":11}},"146":{"start":{"line":122,"column":60},"end":{"line":133,"column":7}},"147":{"start":{"line":123,"column":8},"end":{"line":132,"column":11}},"148":{"start":{"line":124,"column":12},"end":{"line":124,"column":49}},"149":{"start":{"line":125,"column":12},"end":{"line":125,"column":106}},"150":{"start":{"line":126,"column":12},"end":{"line":126,"column":99}},"151":{"start":{"line":127,"column":12},"end":{"line":127,"column":117}},"152":{"start":{"line":128,"column":12},"end":{"line":128,"column":95}},"153":{"start":{"line":129,"column":12},"end":{"line":129,"column":97}},"154":{"start":{"line":130,"column":12},"end":{"line":130,"column":98}},"155":{"start":{"line":131,"column":12},"end":{"line":131,"column":34}},"156":{"start":{"line":134,"column":4},"end":{"line":145,"column":11}},"157":{"start":{"line":134,"column":75},"end":{"line":145,"column":7}},"158":{"start":{"line":135,"column":8},"end":{"line":144,"column":11}},"159":{"start":{"line":136,"column":12},"end":{"line":136,"column":49}},"160":{"start":{"line":137,"column":12},"end":{"line":137,"column":106}},"161":{"start":{"line":138,"column":12},"end":{"line":138,"column":99}},"162":{"start":{"line":139,"column":12},"end":{"line":139,"column":117}},"163":{"start":{"line":140,"column":12},"end":{"line":140,"column":102}},"164":{"start":{"line":141,"column":12},"end":{"line":141,"column":97}},"165":{"start":{"line":142,"column":12},"end":{"line":142,"column":98}},"166":{"start":{"line":143,"column":12},"end":{"line":143,"column":34}},"167":{"start":{"line":146,"column":4},"end":{"line":157,"column":11}},"168":{"start":{"line":146,"column":101},"end":{"line":157,"column":7}},"169":{"start":{"line":147,"column":8},"end":{"line":156,"column":11}},"170":{"start":{"line":148,"column":12},"end":{"line":148,"column":52}},"171":{"start":{"line":149,"column":12},"end":{"line":149,"column":121}},"172":{"start":{"line":150,"column":12},"end":{"line":150,"column":125}},"173":{"start":{"line":151,"column":12},"end":{"line":151,"column":96}},"174":{"start":{"line":152,"column":12},"end":{"line":152,"column":103}},"175":{"start":{"line":153,"column":12},"end":{"line":153,"column":120}},"176":{"start":{"line":154,"column":12},"end":{"line":154,"column":83}},"177":{"start":{"line":155,"column":12},"end":{"line":155,"column":34}},"178":{"start":{"line":158,"column":4},"end":{"line":169,"column":11}},"179":{"start":{"line":158,"column":68},"end":{"line":169,"column":7}},"180":{"start":{"line":159,"column":8},"end":{"line":168,"column":11}},"181":{"start":{"line":160,"column":12},"end":{"line":160,"column":49}},"182":{"start":{"line":161,"column":12},"end":{"line":161,"column":106}},"183":{"start":{"line":162,"column":12},"end":{"line":162,"column":99}},"184":{"start":{"line":163,"column":12},"end":{"line":163,"column":117}},"185":{"start":{"line":164,"column":12},"end":{"line":164,"column":86}},"186":{"start":{"line":165,"column":12},"end":{"line":165,"column":97}},"187":{"start":{"line":166,"column":12},"end":{"line":166,"column":98}},"188":{"start":{"line":167,"column":12},"end":{"line":167,"column":34}},"189":{"start":{"line":170,"column":4},"end":{"line":182,"column":11}},"190":{"start":{"line":170,"column":108},"end":{"line":182,"column":7}},"191":{"start":{"line":171,"column":8},"end":{"line":181,"column":11}},"192":{"start":{"line":172,"column":12},"end":{"line":172,"column":52}},"193":{"start":{"line":173,"column":12},"end":{"line":173,"column":121}},"194":{"start":{"line":174,"column":12},"end":{"line":174,"column":126}},"195":{"start":{"line":175,"column":12},"end":{"line":175,"column":96}},"196":{"start":{"line":176,"column":12},"end":{"line":176,"column":103}},"197":{"start":{"line":177,"column":12},"end":{"line":177,"column":120}},"198":{"start":{"line":178,"column":12},"end":{"line":178,"column":79}},"199":{"start":{"line":179,"column":12},"end":{"line":179,"column":158}},"200":{"start":{"line":180,"column":12},"end":{"line":180,"column":34}},"201":{"start":{"line":183,"column":4},"end":{"line":195,"column":11}},"202":{"start":{"line":183,"column":105},"end":{"line":195,"column":7}},"203":{"start":{"line":184,"column":8},"end":{"line":194,"column":11}},"204":{"start":{"line":185,"column":12},"end":{"line":185,"column":52}},"205":{"start":{"line":186,"column":12},"end":{"line":186,"column":122}},"206":{"start":{"line":187,"column":12},"end":{"line":187,"column":125}},"207":{"start":{"line":188,"column":12},"end":{"line":188,"column":96}},"208":{"start":{"line":189,"column":12},"end":{"line":189,"column":103}},"209":{"start":{"line":190,"column":12},"end":{"line":190,"column":120}},"210":{"start":{"line":191,"column":12},"end":{"line":191,"column":79}},"211":{"start":{"line":192,"column":12},"end":{"line":192,"column":143}},"212":{"start":{"line":193,"column":12},"end":{"line":193,"column":34}},"213":{"start":{"line":196,"column":4},"end":{"line":209,"column":11}},"214":{"start":{"line":196,"column":94},"end":{"line":209,"column":7}},"215":{"start":{"line":197,"column":8},"end":{"line":208,"column":11}},"216":{"start":{"line":198,"column":12},"end":{"line":198,"column":52}},"217":{"start":{"line":199,"column":12},"end":{"line":199,"column":101}},"218":{"start":{"line":200,"column":12},"end":{"line":200,"column":107}},"219":{"start":{"line":201,"column":12},"end":{"line":201,"column":114}},"220":{"start":{"line":202,"column":12},"end":{"line":202,"column":96}},"221":{"start":{"line":203,"column":12},"end":{"line":203,"column":104}},"222":{"start":{"line":204,"column":12},"end":{"line":204,"column":120}},"223":{"start":{"line":205,"column":12},"end":{"line":205,"column":79}},"224":{"start":{"line":206,"column":12},"end":{"line":206,"column":144}},"225":{"start":{"line":207,"column":12},"end":{"line":207,"column":34}},"226":{"start":{"line":210,"column":4},"end":{"line":221,"column":11}},"227":{"start":{"line":210,"column":98},"end":{"line":221,"column":7}},"228":{"start":{"line":211,"column":8},"end":{"line":220,"column":11}},"229":{"start":{"line":212,"column":12},"end":{"line":212,"column":52}},"230":{"start":{"line":213,"column":12},"end":{"line":213,"column":101}},"231":{"start":{"line":214,"column":12},"end":{"line":214,"column":107}},"232":{"start":{"line":215,"column":12},"end":{"line":215,"column":114}},"233":{"start":{"line":216,"column":12},"end":{"line":216,"column":120}},"234":{"start":{"line":217,"column":12},"end":{"line":217,"column":79}},"235":{"start":{"line":218,"column":12},"end":{"line":218,"column":142}},"236":{"start":{"line":219,"column":12},"end":{"line":219,"column":34}},"237":{"start":{"line":222,"column":4},"end":{"line":235,"column":11}},"238":{"start":{"line":222,"column":95},"end":{"line":235,"column":7}},"239":{"start":{"line":223,"column":8},"end":{"line":234,"column":11}},"240":{"start":{"line":224,"column":12},"end":{"line":224,"column":52}},"241":{"start":{"line":225,"column":12},"end":{"line":225,"column":101}},"242":{"start":{"line":226,"column":12},"end":{"line":226,"column":107}},"243":{"start":{"line":227,"column":12},"end":{"line":227,"column":114}},"244":{"start":{"line":228,"column":12},"end":{"line":228,"column":87}},"245":{"start":{"line":229,"column":12},"end":{"line":229,"column":94}},"246":{"start":{"line":230,"column":12},"end":{"line":230,"column":120}},"247":{"start":{"line":231,"column":12},"end":{"line":231,"column":79}},"248":{"start":{"line":232,"column":12},"end":{"line":232,"column":177}},"249":{"start":{"line":233,"column":12},"end":{"line":233,"column":34}},"250":{"start":{"line":236,"column":4},"end":{"line":249,"column":11}},"251":{"start":{"line":236,"column":96},"end":{"line":249,"column":7}},"252":{"start":{"line":237,"column":8},"end":{"line":248,"column":11}},"253":{"start":{"line":238,"column":12},"end":{"line":238,"column":52}},"254":{"start":{"line":239,"column":12},"end":{"line":239,"column":148}},"255":{"start":{"line":240,"column":12},"end":{"line":240,"column":108}},"256":{"start":{"line":241,"column":12},"end":{"line":241,"column":114}},"257":{"start":{"line":242,"column":12},"end":{"line":242,"column":96}},"258":{"start":{"line":243,"column":12},"end":{"line":243,"column":103}},"259":{"start":{"line":244,"column":12},"end":{"line":244,"column":120}},"260":{"start":{"line":245,"column":12},"end":{"line":245,"column":79}},"261":{"start":{"line":246,"column":12},"end":{"line":246,"column":162}},"262":{"start":{"line":247,"column":12},"end":{"line":247,"column":34}},"263":{"start":{"line":250,"column":4},"end":{"line":263,"column":11}},"264":{"start":{"line":250,"column":97},"end":{"line":263,"column":7}},"265":{"start":{"line":251,"column":8},"end":{"line":262,"column":11}},"266":{"start":{"line":252,"column":12},"end":{"line":252,"column":52}},"267":{"start":{"line":253,"column":12},"end":{"line":253,"column":91}},"268":{"start":{"line":254,"column":12},"end":{"line":254,"column":109}},"269":{"start":{"line":255,"column":12},"end":{"line":255,"column":114}},"270":{"start":{"line":256,"column":12},"end":{"line":256,"column":96}},"271":{"start":{"line":257,"column":12},"end":{"line":257,"column":103}},"272":{"start":{"line":258,"column":12},"end":{"line":258,"column":120}},"273":{"start":{"line":259,"column":12},"end":{"line":259,"column":79}},"274":{"start":{"line":260,"column":12},"end":{"line":260,"column":158}},"275":{"start":{"line":261,"column":12},"end":{"line":261,"column":34}},"276":{"start":{"line":264,"column":4},"end":{"line":276,"column":11}},"277":{"start":{"line":264,"column":100},"end":{"line":276,"column":7}},"278":{"start":{"line":265,"column":8},"end":{"line":275,"column":11}},"279":{"start":{"line":266,"column":12},"end":{"line":266,"column":52}},"280":{"start":{"line":267,"column":12},"end":{"line":267,"column":116}},"281":{"start":{"line":268,"column":12},"end":{"line":268,"column":114}},"282":{"start":{"line":269,"column":12},"end":{"line":269,"column":96}},"283":{"start":{"line":270,"column":12},"end":{"line":270,"column":103}},"284":{"start":{"line":271,"column":12},"end":{"line":271,"column":120}},"285":{"start":{"line":272,"column":12},"end":{"line":272,"column":79}},"286":{"start":{"line":273,"column":12},"end":{"line":273,"column":149}},"287":{"start":{"line":274,"column":12},"end":{"line":274,"column":34}},"288":{"start":{"line":277,"column":4},"end":{"line":289,"column":11}},"289":{"start":{"line":277,"column":93},"end":{"line":289,"column":7}},"290":{"start":{"line":278,"column":8},"end":{"line":288,"column":11}},"291":{"start":{"line":279,"column":12},"end":{"line":279,"column":52}},"292":{"start":{"line":280,"column":12},"end":{"line":280,"column":98}},"293":{"start":{"line":281,"column":12},"end":{"line":281,"column":265}},"294":{"start":{"line":282,"column":12},"end":{"line":282,"column":114}},"295":{"start":{"line":283,"column":12},"end":{"line":283,"column":96}},"296":{"start":{"line":284,"column":12},"end":{"line":284,"column":103}},"297":{"start":{"line":285,"column":12},"end":{"line":285,"column":120}},"298":{"start":{"line":286,"column":12},"end":{"line":286,"column":79}},"299":{"start":{"line":287,"column":12},"end":{"line":287,"column":34}},"300":{"start":{"line":290,"column":4},"end":{"line":302,"column":11}},"301":{"start":{"line":290,"column":97},"end":{"line":302,"column":7}},"302":{"start":{"line":291,"column":8},"end":{"line":301,"column":11}},"303":{"start":{"line":292,"column":12},"end":{"line":292,"column":52}},"304":{"start":{"line":293,"column":12},"end":{"line":293,"column":106}},"305":{"start":{"line":294,"column":12},"end":{"line":294,"column":114}},"306":{"start":{"line":295,"column":12},"end":{"line":295,"column":96}},"307":{"start":{"line":296,"column":12},"end":{"line":296,"column":103}},"308":{"start":{"line":297,"column":12},"end":{"line":297,"column":120}},"309":{"start":{"line":298,"column":12},"end":{"line":298,"column":79}},"310":{"start":{"line":299,"column":12},"end":{"line":299,"column":150}},"311":{"start":{"line":300,"column":12},"end":{"line":300,"column":34}},"312":{"start":{"line":303,"column":4},"end":{"line":315,"column":11}},"313":{"start":{"line":303,"column":99},"end":{"line":315,"column":7}},"314":{"start":{"line":304,"column":8},"end":{"line":314,"column":11}},"315":{"start":{"line":305,"column":12},"end":{"line":305,"column":52}},"316":{"start":{"line":306,"column":12},"end":{"line":306,"column":104}},"317":{"start":{"line":307,"column":12},"end":{"line":307,"column":111}},"318":{"start":{"line":308,"column":12},"end":{"line":308,"column":445}},"319":{"start":{"line":309,"column":12},"end":{"line":309,"column":96}},"320":{"start":{"line":310,"column":12},"end":{"line":310,"column":103}},"321":{"start":{"line":311,"column":12},"end":{"line":311,"column":120}},"322":{"start":{"line":312,"column":12},"end":{"line":312,"column":79}},"323":{"start":{"line":313,"column":12},"end":{"line":313,"column":34}},"324":{"start":{"line":316,"column":4},"end":{"line":325,"column":11}},"325":{"start":{"line":316,"column":56},"end":{"line":325,"column":7}},"326":{"start":{"line":317,"column":8},"end":{"line":324,"column":11}},"327":{"start":{"line":318,"column":12},"end":{"line":318,"column":49}},"328":{"start":{"line":319,"column":12},"end":{"line":319,"column":106}},"329":{"start":{"line":320,"column":12},"end":{"line":320,"column":99}},"330":{"start":{"line":321,"column":12},"end":{"line":321,"column":117}},"331":{"start":{"line":322,"column":12},"end":{"line":322,"column":83}},"332":{"start":{"line":323,"column":12},"end":{"line":323,"column":34}},"333":{"start":{"line":326,"column":4},"end":{"line":334,"column":11}},"334":{"start":{"line":326,"column":91},"end":{"line":334,"column":7}},"335":{"start":{"line":327,"column":8},"end":{"line":333,"column":11}},"336":{"start":{"line":328,"column":12},"end":{"line":328,"column":49}},"337":{"start":{"line":329,"column":12},"end":{"line":329,"column":99}},"338":{"start":{"line":330,"column":12},"end":{"line":330,"column":117}},"339":{"start":{"line":331,"column":12},"end":{"line":331,"column":76}},"340":{"start":{"line":332,"column":12},"end":{"line":332,"column":34}},"341":{"start":{"line":335,"column":4},"end":{"line":343,"column":11}},"342":{"start":{"line":335,"column":91},"end":{"line":343,"column":7}},"343":{"start":{"line":336,"column":8},"end":{"line":342,"column":11}},"344":{"start":{"line":337,"column":12},"end":{"line":337,"column":49}},"345":{"start":{"line":338,"column":12},"end":{"line":338,"column":106}},"346":{"start":{"line":339,"column":12},"end":{"line":339,"column":117}},"347":{"start":{"line":340,"column":12},"end":{"line":340,"column":76}},"348":{"start":{"line":341,"column":12},"end":{"line":341,"column":34}},"349":{"start":{"line":344,"column":4},"end":{"line":353,"column":11}},"350":{"start":{"line":344,"column":101},"end":{"line":353,"column":7}},"351":{"start":{"line":345,"column":8},"end":{"line":352,"column":11}},"352":{"start":{"line":346,"column":12},"end":{"line":346,"column":49}},"353":{"start":{"line":347,"column":12},"end":{"line":347,"column":106}},"354":{"start":{"line":348,"column":12},"end":{"line":348,"column":100}},"355":{"start":{"line":349,"column":12},"end":{"line":349,"column":117}},"356":{"start":{"line":350,"column":12},"end":{"line":350,"column":76}},"357":{"start":{"line":351,"column":12},"end":{"line":351,"column":34}},"358":{"start":{"line":354,"column":4},"end":{"line":368,"column":11}},"359":{"start":{"line":354,"column":106},"end":{"line":368,"column":7}},"360":{"start":{"line":355,"column":8},"end":{"line":367,"column":11}},"361":{"start":{"line":356,"column":12},"end":{"line":356,"column":49}},"362":{"start":{"line":357,"column":12},"end":{"line":357,"column":106}},"363":{"start":{"line":358,"column":12},"end":{"line":358,"column":99}},"364":{"start":{"line":359,"column":12},"end":{"line":359,"column":117}},"365":{"start":{"line":360,"column":12},"end":{"line":360,"column":124}},"366":{"start":{"line":361,"column":12},"end":{"line":361,"column":147}},"367":{"start":{"line":362,"column":12},"end":{"line":362,"column":121}},"368":{"start":{"line":363,"column":12},"end":{"line":363,"column":112}},"369":{"start":{"line":364,"column":12},"end":{"line":364,"column":126}},"370":{"start":{"line":365,"column":12},"end":{"line":365,"column":136}},"371":{"start":{"line":366,"column":12},"end":{"line":366,"column":34}},"372":{"start":{"line":369,"column":4},"end":{"line":383,"column":11}},"373":{"start":{"line":369,"column":122},"end":{"line":383,"column":7}},"374":{"start":{"line":370,"column":8},"end":{"line":382,"column":11}},"375":{"start":{"line":371,"column":12},"end":{"line":371,"column":49}},"376":{"start":{"line":372,"column":12},"end":{"line":372,"column":106}},"377":{"start":{"line":373,"column":12},"end":{"line":373,"column":99}},"378":{"start":{"line":374,"column":12},"end":{"line":374,"column":117}},"379":{"start":{"line":375,"column":12},"end":{"line":375,"column":124}},"380":{"start":{"line":376,"column":12},"end":{"line":376,"column":109}},"381":{"start":{"line":377,"column":12},"end":{"line":377,"column":126}},"382":{"start":{"line":378,"column":12},"end":{"line":378,"column":51}},"383":{"start":{"line":379,"column":12},"end":{"line":379,"column":54}},"384":{"start":{"line":380,"column":12},"end":{"line":380,"column":141}},"385":{"start":{"line":381,"column":12},"end":{"line":381,"column":34}},"386":{"start":{"line":384,"column":4},"end":{"line":397,"column":11}},"387":{"start":{"line":384,"column":69},"end":{"line":397,"column":7}},"388":{"start":{"line":385,"column":8},"end":{"line":396,"column":11}},"389":{"start":{"line":386,"column":12},"end":{"line":386,"column":49}},"390":{"start":{"line":387,"column":12},"end":{"line":387,"column":106}},"391":{"start":{"line":388,"column":12},"end":{"line":388,"column":99}},"392":{"start":{"line":389,"column":12},"end":{"line":389,"column":117}},"393":{"start":{"line":390,"column":12},"end":{"line":390,"column":129}},"394":{"start":{"line":391,"column":12},"end":{"line":391,"column":106}},"395":{"start":{"line":392,"column":12},"end":{"line":392,"column":101}},"396":{"start":{"line":393,"column":12},"end":{"line":393,"column":120}},"397":{"start":{"line":394,"column":12},"end":{"line":394,"column":143}},"398":{"start":{"line":395,"column":12},"end":{"line":395,"column":34}},"399":{"start":{"line":398,"column":4},"end":{"line":411,"column":11}},"400":{"start":{"line":398,"column":75},"end":{"line":411,"column":7}},"401":{"start":{"line":399,"column":8},"end":{"line":410,"column":11}},"402":{"start":{"line":400,"column":12},"end":{"line":400,"column":49}},"403":{"start":{"line":401,"column":12},"end":{"line":401,"column":100}},"404":{"start":{"line":402,"column":12},"end":{"line":402,"column":99}},"405":{"start":{"line":403,"column":12},"end":{"line":403,"column":117}},"406":{"start":{"line":404,"column":12},"end":{"line":404,"column":129}},"407":{"start":{"line":405,"column":12},"end":{"line":405,"column":101}},"408":{"start":{"line":406,"column":12},"end":{"line":406,"column":107}},"409":{"start":{"line":407,"column":12},"end":{"line":407,"column":120}},"410":{"start":{"line":408,"column":12},"end":{"line":408,"column":138}},"411":{"start":{"line":409,"column":12},"end":{"line":409,"column":34}},"412":{"start":{"line":412,"column":4},"end":{"line":425,"column":11}},"413":{"start":{"line":412,"column":94},"end":{"line":425,"column":7}},"414":{"start":{"line":413,"column":8},"end":{"line":424,"column":11}},"415":{"start":{"line":414,"column":12},"end":{"line":414,"column":49}},"416":{"start":{"line":415,"column":12},"end":{"line":415,"column":106}},"417":{"start":{"line":416,"column":12},"end":{"line":416,"column":99}},"418":{"start":{"line":417,"column":12},"end":{"line":417,"column":117}},"419":{"start":{"line":418,"column":12},"end":{"line":418,"column":129}},"420":{"start":{"line":419,"column":12},"end":{"line":419,"column":109}},"421":{"start":{"line":420,"column":12},"end":{"line":420,"column":125}},"422":{"start":{"line":421,"column":12},"end":{"line":421,"column":120}},"423":{"start":{"line":422,"column":12},"end":{"line":422,"column":137}},"424":{"start":{"line":423,"column":12},"end":{"line":423,"column":34}},"425":{"start":{"line":426,"column":4},"end":{"line":439,"column":11}},"426":{"start":{"line":426,"column":97},"end":{"line":439,"column":7}},"427":{"start":{"line":427,"column":8},"end":{"line":438,"column":11}},"428":{"start":{"line":428,"column":12},"end":{"line":428,"column":49}},"429":{"start":{"line":429,"column":12},"end":{"line":429,"column":106}},"430":{"start":{"line":430,"column":12},"end":{"line":430,"column":99}},"431":{"start":{"line":431,"column":12},"end":{"line":431,"column":117}},"432":{"start":{"line":432,"column":12},"end":{"line":432,"column":129}},"433":{"start":{"line":433,"column":12},"end":{"line":433,"column":121}},"434":{"start":{"line":434,"column":12},"end":{"line":434,"column":107}},"435":{"start":{"line":435,"column":12},"end":{"line":435,"column":120}},"436":{"start":{"line":436,"column":12},"end":{"line":436,"column":137}},"437":{"start":{"line":437,"column":12},"end":{"line":437,"column":34}},"438":{"start":{"line":440,"column":4},"end":{"line":451,"column":11}},"439":{"start":{"line":440,"column":49},"end":{"line":451,"column":7}},"440":{"start":{"line":441,"column":8},"end":{"line":450,"column":11}},"441":{"start":{"line":442,"column":12},"end":{"line":442,"column":49}},"442":{"start":{"line":443,"column":12},"end":{"line":443,"column":106}},"443":{"start":{"line":444,"column":12},"end":{"line":444,"column":99}},"444":{"start":{"line":445,"column":12},"end":{"line":445,"column":117}},"445":{"start":{"line":446,"column":12},"end":{"line":446,"column":126}},"446":{"start":{"line":447,"column":12},"end":{"line":447,"column":115}},"447":{"start":{"line":448,"column":12},"end":{"line":448,"column":122}},"448":{"start":{"line":449,"column":12},"end":{"line":449,"column":34}},"449":{"start":{"line":452,"column":4},"end":{"line":463,"column":11}},"450":{"start":{"line":452,"column":54},"end":{"line":463,"column":7}},"451":{"start":{"line":453,"column":8},"end":{"line":462,"column":11}},"452":{"start":{"line":454,"column":12},"end":{"line":454,"column":49}},"453":{"start":{"line":455,"column":12},"end":{"line":455,"column":124}},"454":{"start":{"line":456,"column":12},"end":{"line":456,"column":99}},"455":{"start":{"line":457,"column":12},"end":{"line":457,"column":117}},"456":{"start":{"line":458,"column":12},"end":{"line":458,"column":126}},"457":{"start":{"line":459,"column":12},"end":{"line":459,"column":115}},"458":{"start":{"line":460,"column":12},"end":{"line":460,"column":122}},"459":{"start":{"line":461,"column":12},"end":{"line":461,"column":34}}},"fnMap":{"0":{"name":"(anonymous_0)","decl":{"start":{"line":2,"column":44},"end":{"line":2,"column":45}},"loc":{"start":{"line":2,"column":89},"end":{"line":10,"column":1}},"line":2},"1":{"name":"adopt","decl":{"start":{"line":3,"column":13},"end":{"line":3,"column":18}},"loc":{"start":{"line":3,"column":26},"end":{"line":3,"column":112}},"line":3},"2":{"name":"(anonymous_2)","decl":{"start":{"line":3,"column":70},"end":{"line":3,"column":71}},"loc":{"start":{"line":3,"column":89},"end":{"line":3,"column":108}},"line":3},"3":{"name":"(anonymous_3)","decl":{"start":{"line":4,"column":36},"end":{"line":4,"column":37}},"loc":{"start":{"line":4,"column":63},"end":{"line":9,"column":5}},"line":4},"4":{"name":"fulfilled","decl":{"start":{"line":5,"column":17},"end":{"line":5,"column":26}},"loc":{"start":{"line":5,"column":34},"end":{"line":5,"column":99}},"line":5},"5":{"name":"rejected","decl":{"start":{"line":6,"column":17},"end":{"line":6,"column":25}},"loc":{"start":{"line":6,"column":33},"end":{"line":6,"column":102}},"line":6},"6":{"name":"step","decl":{"start":{"line":7,"column":17},"end":{"line":7,"column":21}},"loc":{"start":{"line":7,"column":30},"end":{"line":7,"column":118}},"line":7},"7":{"name":"(anonymous_7)","decl":{"start":{"line":11,"column":48},"end":{"line":11,"column":49}},"loc":{"start":{"line":11,"column":73},"end":{"line":37,"column":1}},"line":11},"8":{"name":"(anonymous_8)","decl":{"start":{"line":12,"column":30},"end":{"line":12,"column":31}},"loc":{"start":{"line":12,"column":41},"end":{"line":12,"column":83}},"line":12},"9":{"name":"(anonymous_9)","decl":{"start":{"line":13,"column":125},"end":{"line":13,"column":126}},"loc":{"start":{"line":13,"column":136},"end":{"line":13,"column":152}},"line":13},"10":{"name":"verb","decl":{"start":{"line":14,"column":13},"end":{"line":14,"column":17}},"loc":{"start":{"line":14,"column":21},"end":{"line":14,"column":70}},"line":14},"11":{"name":"(anonymous_11)","decl":{"start":{"line":14,"column":30},"end":{"line":14,"column":31}},"loc":{"start":{"line":14,"column":43},"end":{"line":14,"column":67}},"line":14},"12":{"name":"step","decl":{"start":{"line":15,"column":13},"end":{"line":15,"column":17}},"loc":{"start":{"line":15,"column":22},"end":{"line":36,"column":5}},"line":15},"13":{"name":"(anonymous_13)","decl":{"start":{"line":40,"column":32},"end":{"line":40,"column":33}},"loc":{"start":{"line":40,"column":44},"end":{"line":464,"column":1}},"line":40},"14":{"name":"(anonymous_14)","decl":{"start":{"line":41,"column":84},"end":{"line":41,"column":85}},"loc":{"start":{"line":41,"column":96},"end":{"line":53,"column":9}},"line":41},"15":{"name":"(anonymous_15)","decl":{"start":{"line":41,"column":139},"end":{"line":41,"column":140}},"loc":{"start":{"line":41,"column":151},"end":{"line":53,"column":5}},"line":41},"16":{"name":"(anonymous_16)","decl":{"start":{"line":42,"column":33},"end":{"line":42,"column":34}},"loc":{"start":{"line":42,"column":47},"end":{"line":52,"column":9}},"line":42},"17":{"name":"(anonymous_17)","decl":{"start":{"line":54,"column":52},"end":{"line":54,"column":53}},"loc":{"start":{"line":54,"column":64},"end":{"line":71,"column":9}},"line":54},"18":{"name":"(anonymous_18)","decl":{"start":{"line":54,"column":107},"end":{"line":54,"column":108}},"loc":{"start":{"line":54,"column":119},"end":{"line":71,"column":5}},"line":54},"19":{"name":"(anonymous_19)","decl":{"start":{"line":55,"column":33},"end":{"line":55,"column":34}},"loc":{"start":{"line":55,"column":47},"end":{"line":70,"column":9}},"line":55},"20":{"name":"(anonymous_20)","decl":{"start":{"line":72,"column":52},"end":{"line":72,"column":53}},"loc":{"start":{"line":72,"column":64},"end":{"line":85,"column":9}},"line":72},"21":{"name":"(anonymous_21)","decl":{"start":{"line":72,"column":107},"end":{"line":72,"column":108}},"loc":{"start":{"line":72,"column":119},"end":{"line":85,"column":5}},"line":72},"22":{"name":"(anonymous_22)","decl":{"start":{"line":73,"column":33},"end":{"line":73,"column":34}},"loc":{"start":{"line":73,"column":47},"end":{"line":84,"column":9}},"line":73},"23":{"name":"(anonymous_23)","decl":{"start":{"line":86,"column":72},"end":{"line":86,"column":73}},"loc":{"start":{"line":86,"column":84},"end":{"line":102,"column":9}},"line":86},"24":{"name":"(anonymous_24)","decl":{"start":{"line":86,"column":127},"end":{"line":86,"column":128}},"loc":{"start":{"line":86,"column":139},"end":{"line":102,"column":5}},"line":86},"25":{"name":"(anonymous_25)","decl":{"start":{"line":87,"column":33},"end":{"line":87,"column":34}},"loc":{"start":{"line":87,"column":47},"end":{"line":101,"column":9}},"line":87},"26":{"name":"(anonymous_26)","decl":{"start":{"line":103,"column":72},"end":{"line":103,"column":73}},"loc":{"start":{"line":103,"column":84},"end":{"line":121,"column":9}},"line":103},"27":{"name":"(anonymous_27)","decl":{"start":{"line":103,"column":127},"end":{"line":103,"column":128}},"loc":{"start":{"line":103,"column":139},"end":{"line":121,"column":5}},"line":103},"28":{"name":"(anonymous_28)","decl":{"start":{"line":104,"column":33},"end":{"line":104,"column":34}},"loc":{"start":{"line":104,"column":47},"end":{"line":120,"column":9}},"line":104},"29":{"name":"(anonymous_29)","decl":{"start":{"line":122,"column":46},"end":{"line":122,"column":47}},"loc":{"start":{"line":122,"column":58},"end":{"line":133,"column":9}},"line":122},"30":{"name":"(anonymous_30)","decl":{"start":{"line":122,"column":101},"end":{"line":122,"column":102}},"loc":{"start":{"line":122,"column":113},"end":{"line":133,"column":5}},"line":122},"31":{"name":"(anonymous_31)","decl":{"start":{"line":123,"column":33},"end":{"line":123,"column":34}},"loc":{"start":{"line":123,"column":47},"end":{"line":132,"column":9}},"line":123},"32":{"name":"(anonymous_32)","decl":{"start":{"line":134,"column":61},"end":{"line":134,"column":62}},"loc":{"start":{"line":134,"column":73},"end":{"line":145,"column":9}},"line":134},"33":{"name":"(anonymous_33)","decl":{"start":{"line":134,"column":116},"end":{"line":134,"column":117}},"loc":{"start":{"line":134,"column":128},"end":{"line":145,"column":5}},"line":134},"34":{"name":"(anonymous_34)","decl":{"start":{"line":135,"column":33},"end":{"line":135,"column":34}},"loc":{"start":{"line":135,"column":47},"end":{"line":144,"column":9}},"line":135},"35":{"name":"(anonymous_35)","decl":{"start":{"line":146,"column":87},"end":{"line":146,"column":88}},"loc":{"start":{"line":146,"column":99},"end":{"line":157,"column":9}},"line":146},"36":{"name":"(anonymous_36)","decl":{"start":{"line":146,"column":142},"end":{"line":146,"column":143}},"loc":{"start":{"line":146,"column":154},"end":{"line":157,"column":5}},"line":146},"37":{"name":"(anonymous_37)","decl":{"start":{"line":147,"column":33},"end":{"line":147,"column":34}},"loc":{"start":{"line":147,"column":47},"end":{"line":156,"column":9}},"line":147},"38":{"name":"(anonymous_38)","decl":{"start":{"line":158,"column":54},"end":{"line":158,"column":55}},"loc":{"start":{"line":158,"column":66},"end":{"line":169,"column":9}},"line":158},"39":{"name":"(anonymous_39)","decl":{"start":{"line":158,"column":109},"end":{"line":158,"column":110}},"loc":{"start":{"line":158,"column":121},"end":{"line":169,"column":5}},"line":158},"40":{"name":"(anonymous_40)","decl":{"start":{"line":159,"column":33},"end":{"line":159,"column":34}},"loc":{"start":{"line":159,"column":47},"end":{"line":168,"column":9}},"line":159},"41":{"name":"(anonymous_41)","decl":{"start":{"line":170,"column":94},"end":{"line":170,"column":95}},"loc":{"start":{"line":170,"column":106},"end":{"line":182,"column":9}},"line":170},"42":{"name":"(anonymous_42)","decl":{"start":{"line":170,"column":149},"end":{"line":170,"column":150}},"loc":{"start":{"line":170,"column":161},"end":{"line":182,"column":5}},"line":170},"43":{"name":"(anonymous_43)","decl":{"start":{"line":171,"column":33},"end":{"line":171,"column":34}},"loc":{"start":{"line":171,"column":47},"end":{"line":181,"column":9}},"line":171},"44":{"name":"(anonymous_44)","decl":{"start":{"line":183,"column":91},"end":{"line":183,"column":92}},"loc":{"start":{"line":183,"column":103},"end":{"line":195,"column":9}},"line":183},"45":{"name":"(anonymous_45)","decl":{"start":{"line":183,"column":146},"end":{"line":183,"column":147}},"loc":{"start":{"line":183,"column":158},"end":{"line":195,"column":5}},"line":183},"46":{"name":"(anonymous_46)","decl":{"start":{"line":184,"column":33},"end":{"line":184,"column":34}},"loc":{"start":{"line":184,"column":47},"end":{"line":194,"column":9}},"line":184},"47":{"name":"(anonymous_47)","decl":{"start":{"line":196,"column":80},"end":{"line":196,"column":81}},"loc":{"start":{"line":196,"column":92},"end":{"line":209,"column":9}},"line":196},"48":{"name":"(anonymous_48)","decl":{"start":{"line":196,"column":135},"end":{"line":196,"column":136}},"loc":{"start":{"line":196,"column":147},"end":{"line":209,"column":5}},"line":196},"49":{"name":"(anonymous_49)","decl":{"start":{"line":197,"column":33},"end":{"line":197,"column":34}},"loc":{"start":{"line":197,"column":47},"end":{"line":208,"column":9}},"line":197},"50":{"name":"(anonymous_50)","decl":{"start":{"line":210,"column":84},"end":{"line":210,"column":85}},"loc":{"start":{"line":210,"column":96},"end":{"line":221,"column":9}},"line":210},"51":{"name":"(anonymous_51)","decl":{"start":{"line":210,"column":139},"end":{"line":210,"column":140}},"loc":{"start":{"line":210,"column":151},"end":{"line":221,"column":5}},"line":210},"52":{"name":"(anonymous_52)","decl":{"start":{"line":211,"column":33},"end":{"line":211,"column":34}},"loc":{"start":{"line":211,"column":47},"end":{"line":220,"column":9}},"line":211},"53":{"name":"(anonymous_53)","decl":{"start":{"line":222,"column":81},"end":{"line":222,"column":82}},"loc":{"start":{"line":222,"column":93},"end":{"line":235,"column":9}},"line":222},"54":{"name":"(anonymous_54)","decl":{"start":{"line":222,"column":136},"end":{"line":222,"column":137}},"loc":{"start":{"line":222,"column":148},"end":{"line":235,"column":5}},"line":222},"55":{"name":"(anonymous_55)","decl":{"start":{"line":223,"column":33},"end":{"line":223,"column":34}},"loc":{"start":{"line":223,"column":47},"end":{"line":234,"column":9}},"line":223},"56":{"name":"(anonymous_56)","decl":{"start":{"line":236,"column":82},"end":{"line":236,"column":83}},"loc":{"start":{"line":236,"column":94},"end":{"line":249,"column":9}},"line":236},"57":{"name":"(anonymous_57)","decl":{"start":{"line":236,"column":137},"end":{"line":236,"column":138}},"loc":{"start":{"line":236,"column":149},"end":{"line":249,"column":5}},"line":236},"58":{"name":"(anonymous_58)","decl":{"start":{"line":237,"column":33},"end":{"line":237,"column":34}},"loc":{"start":{"line":237,"column":47},"end":{"line":248,"column":9}},"line":237},"59":{"name":"(anonymous_59)","decl":{"start":{"line":250,"column":83},"end":{"line":250,"column":84}},"loc":{"start":{"line":250,"column":95},"end":{"line":263,"column":9}},"line":250},"60":{"name":"(anonymous_60)","decl":{"start":{"line":250,"column":138},"end":{"line":250,"column":139}},"loc":{"start":{"line":250,"column":150},"end":{"line":263,"column":5}},"line":250},"61":{"name":"(anonymous_61)","decl":{"start":{"line":251,"column":33},"end":{"line":251,"column":34}},"loc":{"start":{"line":251,"column":47},"end":{"line":262,"column":9}},"line":251},"62":{"name":"(anonymous_62)","decl":{"start":{"line":264,"column":86},"end":{"line":264,"column":87}},"loc":{"start":{"line":264,"column":98},"end":{"line":276,"column":9}},"line":264},"63":{"name":"(anonymous_63)","decl":{"start":{"line":264,"column":141},"end":{"line":264,"column":142}},"loc":{"start":{"line":264,"column":153},"end":{"line":276,"column":5}},"line":264},"64":{"name":"(anonymous_64)","decl":{"start":{"line":265,"column":33},"end":{"line":265,"column":34}},"loc":{"start":{"line":265,"column":47},"end":{"line":275,"column":9}},"line":265},"65":{"name":"(anonymous_65)","decl":{"start":{"line":277,"column":79},"end":{"line":277,"column":80}},"loc":{"start":{"line":277,"column":91},"end":{"line":289,"column":9}},"line":277},"66":{"name":"(anonymous_66)","decl":{"start":{"line":277,"column":134},"end":{"line":277,"column":135}},"loc":{"start":{"line":277,"column":146},"end":{"line":289,"column":5}},"line":277},"67":{"name":"(anonymous_67)","decl":{"start":{"line":278,"column":33},"end":{"line":278,"column":34}},"loc":{"start":{"line":278,"column":47},"end":{"line":288,"column":9}},"line":278},"68":{"name":"(anonymous_68)","decl":{"start":{"line":290,"column":83},"end":{"line":290,"column":84}},"loc":{"start":{"line":290,"column":95},"end":{"line":302,"column":9}},"line":290},"69":{"name":"(anonymous_69)","decl":{"start":{"line":290,"column":138},"end":{"line":290,"column":139}},"loc":{"start":{"line":290,"column":150},"end":{"line":302,"column":5}},"line":290},"70":{"name":"(anonymous_70)","decl":{"start":{"line":291,"column":33},"end":{"line":291,"column":34}},"loc":{"start":{"line":291,"column":47},"end":{"line":301,"column":9}},"line":291},"71":{"name":"(anonymous_71)","decl":{"start":{"line":303,"column":85},"end":{"line":303,"column":86}},"loc":{"start":{"line":303,"column":97},"end":{"line":315,"column":9}},"line":303},"72":{"name":"(anonymous_72)","decl":{"start":{"line":303,"column":140},"end":{"line":303,"column":141}},"loc":{"start":{"line":303,"column":152},"end":{"line":315,"column":5}},"line":303},"73":{"name":"(anonymous_73)","decl":{"start":{"line":304,"column":33},"end":{"line":304,"column":34}},"loc":{"start":{"line":304,"column":47},"end":{"line":314,"column":9}},"line":304},"74":{"name":"(anonymous_74)","decl":{"start":{"line":316,"column":42},"end":{"line":316,"column":43}},"loc":{"start":{"line":316,"column":54},"end":{"line":325,"column":9}},"line":316},"75":{"name":"(anonymous_75)","decl":{"start":{"line":316,"column":97},"end":{"line":316,"column":98}},"loc":{"start":{"line":316,"column":109},"end":{"line":325,"column":5}},"line":316},"76":{"name":"(anonymous_76)","decl":{"start":{"line":317,"column":33},"end":{"line":317,"column":34}},"loc":{"start":{"line":317,"column":47},"end":{"line":324,"column":9}},"line":317},"77":{"name":"(anonymous_77)","decl":{"start":{"line":326,"column":77},"end":{"line":326,"column":78}},"loc":{"start":{"line":326,"column":89},"end":{"line":334,"column":9}},"line":326},"78":{"name":"(anonymous_78)","decl":{"start":{"line":326,"column":132},"end":{"line":326,"column":133}},"loc":{"start":{"line":326,"column":144},"end":{"line":334,"column":5}},"line":326},"79":{"name":"(anonymous_79)","decl":{"start":{"line":327,"column":33},"end":{"line":327,"column":34}},"loc":{"start":{"line":327,"column":47},"end":{"line":333,"column":9}},"line":327},"80":{"name":"(anonymous_80)","decl":{"start":{"line":335,"column":77},"end":{"line":335,"column":78}},"loc":{"start":{"line":335,"column":89},"end":{"line":343,"column":9}},"line":335},"81":{"name":"(anonymous_81)","decl":{"start":{"line":335,"column":132},"end":{"line":335,"column":133}},"loc":{"start":{"line":335,"column":144},"end":{"line":343,"column":5}},"line":335},"82":{"name":"(anonymous_82)","decl":{"start":{"line":336,"column":33},"end":{"line":336,"column":34}},"loc":{"start":{"line":336,"column":47},"end":{"line":342,"column":9}},"line":336},"83":{"name":"(anonymous_83)","decl":{"start":{"line":344,"column":87},"end":{"line":344,"column":88}},"loc":{"start":{"line":344,"column":99},"end":{"line":353,"column":9}},"line":344},"84":{"name":"(anonymous_84)","decl":{"start":{"line":344,"column":142},"end":{"line":344,"column":143}},"loc":{"start":{"line":344,"column":154},"end":{"line":353,"column":5}},"line":344},"85":{"name":"(anonymous_85)","decl":{"start":{"line":345,"column":33},"end":{"line":345,"column":34}},"loc":{"start":{"line":345,"column":47},"end":{"line":352,"column":9}},"line":345},"86":{"name":"(anonymous_86)","decl":{"start":{"line":354,"column":92},"end":{"line":354,"column":93}},"loc":{"start":{"line":354,"column":104},"end":{"line":368,"column":9}},"line":354},"87":{"name":"(anonymous_87)","decl":{"start":{"line":354,"column":147},"end":{"line":354,"column":148}},"loc":{"start":{"line":354,"column":159},"end":{"line":368,"column":5}},"line":354},"88":{"name":"(anonymous_88)","decl":{"start":{"line":355,"column":33},"end":{"line":355,"column":34}},"loc":{"start":{"line":355,"column":47},"end":{"line":367,"column":9}},"line":355},"89":{"name":"(anonymous_89)","decl":{"start":{"line":369,"column":108},"end":{"line":369,"column":109}},"loc":{"start":{"line":369,"column":120},"end":{"line":383,"column":9}},"line":369},"90":{"name":"(anonymous_90)","decl":{"start":{"line":369,"column":163},"end":{"line":369,"column":164}},"loc":{"start":{"line":369,"column":175},"end":{"line":383,"column":5}},"line":369},"91":{"name":"(anonymous_91)","decl":{"start":{"line":370,"column":33},"end":{"line":370,"column":34}},"loc":{"start":{"line":370,"column":47},"end":{"line":382,"column":9}},"line":370},"92":{"name":"(anonymous_92)","decl":{"start":{"line":384,"column":55},"end":{"line":384,"column":56}},"loc":{"start":{"line":384,"column":67},"end":{"line":397,"column":9}},"line":384},"93":{"name":"(anonymous_93)","decl":{"start":{"line":384,"column":110},"end":{"line":384,"column":111}},"loc":{"start":{"line":384,"column":122},"end":{"line":397,"column":5}},"line":384},"94":{"name":"(anonymous_94)","decl":{"start":{"line":385,"column":33},"end":{"line":385,"column":34}},"loc":{"start":{"line":385,"column":47},"end":{"line":396,"column":9}},"line":385},"95":{"name":"(anonymous_95)","decl":{"start":{"line":398,"column":61},"end":{"line":398,"column":62}},"loc":{"start":{"line":398,"column":73},"end":{"line":411,"column":9}},"line":398},"96":{"name":"(anonymous_96)","decl":{"start":{"line":398,"column":116},"end":{"line":398,"column":117}},"loc":{"start":{"line":398,"column":128},"end":{"line":411,"column":5}},"line":398},"97":{"name":"(anonymous_97)","decl":{"start":{"line":399,"column":33},"end":{"line":399,"column":34}},"loc":{"start":{"line":399,"column":47},"end":{"line":410,"column":9}},"line":399},"98":{"name":"(anonymous_98)","decl":{"start":{"line":412,"column":80},"end":{"line":412,"column":81}},"loc":{"start":{"line":412,"column":92},"end":{"line":425,"column":9}},"line":412},"99":{"name":"(anonymous_99)","decl":{"start":{"line":412,"column":135},"end":{"line":412,"column":136}},"loc":{"start":{"line":412,"column":147},"end":{"line":425,"column":5}},"line":412},"100":{"name":"(anonymous_100)","decl":{"start":{"line":413,"column":33},"end":{"line":413,"column":34}},"loc":{"start":{"line":413,"column":47},"end":{"line":424,"column":9}},"line":413},"101":{"name":"(anonymous_101)","decl":{"start":{"line":426,"column":83},"end":{"line":426,"column":84}},"loc":{"start":{"line":426,"column":95},"end":{"line":439,"column":9}},"line":426},"102":{"name":"(anonymous_102)","decl":{"start":{"line":426,"column":138},"end":{"line":426,"column":139}},"loc":{"start":{"line":426,"column":150},"end":{"line":439,"column":5}},"line":426},"103":{"name":"(anonymous_103)","decl":{"start":{"line":427,"column":33},"end":{"line":427,"column":34}},"loc":{"start":{"line":427,"column":47},"end":{"line":438,"column":9}},"line":427},"104":{"name":"(anonymous_104)","decl":{"start":{"line":440,"column":35},"end":{"line":440,"column":36}},"loc":{"start":{"line":440,"column":47},"end":{"line":451,"column":9}},"line":440},"105":{"name":"(anonymous_105)","decl":{"start":{"line":440,"column":90},"end":{"line":440,"column":91}},"loc":{"start":{"line":440,"column":102},"end":{"line":451,"column":5}},"line":440},"106":{"name":"(anonymous_106)","decl":{"start":{"line":441,"column":33},"end":{"line":441,"column":34}},"loc":{"start":{"line":441,"column":47},"end":{"line":450,"column":9}},"line":441},"107":{"name":"(anonymous_107)","decl":{"start":{"line":452,"column":40},"end":{"line":452,"column":41}},"loc":{"start":{"line":452,"column":52},"end":{"line":463,"column":9}},"line":452},"108":{"name":"(anonymous_108)","decl":{"start":{"line":452,"column":95},"end":{"line":452,"column":96}},"loc":{"start":{"line":452,"column":107},"end":{"line":463,"column":5}},"line":452},"109":{"name":"(anonymous_109)","decl":{"start":{"line":453,"column":33},"end":{"line":453,"column":34}},"loc":{"start":{"line":453,"column":47},"end":{"line":462,"column":9}},"line":453}},"branchMap":{"0":{"loc":{"start":{"line":2,"column":16},"end":{"line":10,"column":1}},"type":"binary-expr","locations":[{"start":{"line":2,"column":17},"end":{"line":2,"column":21}},{"start":{"line":2,"column":25},"end":{"line":2,"column":39}},{"start":{"line":2,"column":44},"end":{"line":10,"column":1}}],"line":2},"1":{"loc":{"start":{"line":3,"column":35},"end":{"line":3,"column":109}},"type":"cond-expr","locations":[{"start":{"line":3,"column":56},"end":{"line":3,"column":61}},{"start":{"line":3,"column":64},"end":{"line":3,"column":109}}],"line":3},"2":{"loc":{"start":{"line":4,"column":16},"end":{"line":4,"column":34}},"type":"binary-expr","locations":[{"start":{"line":4,"column":16},"end":{"line":4,"column":17}},{"start":{"line":4,"column":22},"end":{"line":4,"column":33}}],"line":4},"3":{"loc":{"start":{"line":7,"column":32},"end":{"line":7,"column":115}},"type":"cond-expr","locations":[{"start":{"line":7,"column":46},"end":{"line":7,"column":67}},{"start":{"line":7,"column":70},"end":{"line":7,"column":115}}],"line":7},"4":{"loc":{"start":{"line":8,"column":51},"end":{"line":8,"column":67}},"type":"binary-expr","locations":[{"start":{"line":8,"column":51},"end":{"line":8,"column":61}},{"start":{"line":8,"column":65},"end":{"line":8,"column":67}}],"line":8},"5":{"loc":{"start":{"line":11,"column":18},"end":{"line":37,"column":1}},"type":"binary-expr","locations":[{"start":{"line":11,"column":19},"end":{"line":11,"column":23}},{"start":{"line":11,"column":27},"end":{"line":11,"column":43}},{"start":{"line":11,"column":48},"end":{"line":37,"column":1}}],"line":11},"6":{"loc":{"start":{"line":12,"column":43},"end":{"line":12,"column":68}},"type":"if","locations":[{"start":{"line":12,"column":43},"end":{"line":12,"column":68}},{"start":{"line":12,"column":43},"end":{"line":12,"column":68}}],"line":12},"7":{"loc":{"start":{"line":13,"column":71},"end":{"line":13,"column":153}},"type":"binary-expr","locations":[{"start":{"line":13,"column":71},"end":{"line":13,"column":99}},{"start":{"line":13,"column":104},"end":{"line":13,"column":152}}],"line":13},"8":{"loc":{"start":{"line":16,"column":8},"end":{"line":16,"column":70}},"type":"if","locations":[{"start":{"line":16,"column":8},"end":{"line":16,"column":70}},{"start":{"line":16,"column":8},"end":{"line":16,"column":70}}],"line":16},"9":{"loc":{"start":{"line":18,"column":12},"end":{"line":18,"column":169}},"type":"if","locations":[{"start":{"line":18,"column":12},"end":{"line":18,"column":169}},{"start":{"line":18,"column":12},"end":{"line":18,"column":169}}],"line":18},"10":{"loc":{"start":{"line":18,"column":23},"end":{"line":18,"column":158}},"type":"binary-expr","locations":[{"start":{"line":18,"column":23},"end":{"line":18,"column":24}},{"start":{"line":18,"column":29},"end":{"line":18,"column":125}},{"start":{"line":18,"column":130},"end":{"line":18,"column":158}}],"line":18},"11":{"loc":{"start":{"line":18,"column":33},"end":{"line":18,"column":125}},"type":"cond-expr","locations":[{"start":{"line":18,"column":45},"end":{"line":18,"column":56}},{"start":{"line":18,"column":59},"end":{"line":18,"column":125}}],"line":18},"12":{"loc":{"start":{"line":18,"column":59},"end":{"line":18,"column":125}},"type":"cond-expr","locations":[{"start":{"line":18,"column":67},"end":{"line":18,"column":116}},{"start":{"line":18,"column":119},"end":{"line":18,"column":125}}],"line":18},"13":{"loc":{"start":{"line":18,"column":67},"end":{"line":18,"column":116}},"type":"binary-expr","locations":[{"start":{"line":18,"column":67},"end":{"line":18,"column":77}},{"start":{"line":18,"column":82},"end":{"line":18,"column":115}}],"line":18},"14":{"loc":{"start":{"line":18,"column":82},"end":{"line":18,"column":112}},"type":"binary-expr","locations":[{"start":{"line":18,"column":83},"end":{"line":18,"column":98}},{"start":{"line":18,"column":103},"end":{"line":18,"column":112}}],"line":18},"15":{"loc":{"start":{"line":19,"column":12},"end":{"line":19,"column":52}},"type":"if","locations":[{"start":{"line":19,"column":12},"end":{"line":19,"column":52}},{"start":{"line":19,"column":12},"end":{"line":19,"column":52}}],"line":19},"16":{"loc":{"start":{"line":20,"column":12},"end":{"line":32,"column":13}},"type":"switch","locations":[{"start":{"line":21,"column":16},"end":{"line":21,"column":23}},{"start":{"line":21,"column":24},"end":{"line":21,"column":46}},{"start":{"line":22,"column":16},"end":{"line":22,"column":72}},{"start":{"line":23,"column":16},"end":{"line":23,"column":65}},{"start":{"line":24,"column":16},"end":{"line":24,"column":65}},{"start":{"line":25,"column":16},"end":{"line":31,"column":43}}],"line":20},"17":{"loc":{"start":{"line":26,"column":20},"end":{"line":26,"column":128}},"type":"if","locations":[{"start":{"line":26,"column":20},"end":{"line":26,"column":128}},{"start":{"line":26,"column":20},"end":{"line":26,"column":128}}],"line":26},"18":{"loc":{"start":{"line":26,"column":24},"end":{"line":26,"column":106}},"type":"binary-expr","locations":[{"start":{"line":26,"column":24},"end":{"line":26,"column":74}},{"start":{"line":26,"column":79},"end":{"line":26,"column":90}},{"start":{"line":26,"column":94},"end":{"line":26,"column":105}}],"line":26},"19":{"loc":{"start":{"line":26,"column":42},"end":{"line":26,"column":73}},"type":"binary-expr","locations":[{"start":{"line":26,"column":42},"end":{"line":26,"column":54}},{"start":{"line":26,"column":58},"end":{"line":26,"column":73}}],"line":26},"20":{"loc":{"start":{"line":27,"column":20},"end":{"line":27,"column":106}},"type":"if","locations":[{"start":{"line":27,"column":20},"end":{"line":27,"column":106}},{"start":{"line":27,"column":20},"end":{"line":27,"column":106}}],"line":27},"21":{"loc":{"start":{"line":27,"column":24},"end":{"line":27,"column":77}},"type":"binary-expr","locations":[{"start":{"line":27,"column":24},"end":{"line":27,"column":35}},{"start":{"line":27,"column":40},"end":{"line":27,"column":42}},{"start":{"line":27,"column":47},"end":{"line":27,"column":59}},{"start":{"line":27,"column":63},"end":{"line":27,"column":75}}],"line":27},"22":{"loc":{"start":{"line":28,"column":20},"end":{"line":28,"column":89}},"type":"if","locations":[{"start":{"line":28,"column":20},"end":{"line":28,"column":89}},{"start":{"line":28,"column":20},"end":{"line":28,"column":89}}],"line":28},"23":{"loc":{"start":{"line":28,"column":24},"end":{"line":28,"column":53}},"type":"binary-expr","locations":[{"start":{"line":28,"column":24},"end":{"line":28,"column":35}},{"start":{"line":28,"column":39},"end":{"line":28,"column":53}}],"line":28},"24":{"loc":{"start":{"line":29,"column":20},"end":{"line":29,"column":87}},"type":"if","locations":[{"start":{"line":29,"column":20},"end":{"line":29,"column":87}},{"start":{"line":29,"column":20},"end":{"line":29,"column":87}}],"line":29},"25":{"loc":{"start":{"line":29,"column":24},"end":{"line":29,"column":43}},"type":"binary-expr","locations":[{"start":{"line":29,"column":24},"end":{"line":29,"column":25}},{"start":{"line":29,"column":29},"end":{"line":29,"column":43}}],"line":29},"26":{"loc":{"start":{"line":30,"column":20},"end":{"line":30,"column":42}},"type":"if","locations":[{"start":{"line":30,"column":20},"end":{"line":30,"column":42}},{"start":{"line":30,"column":20},"end":{"line":30,"column":42}}],"line":30},"27":{"loc":{"start":{"line":35,"column":8},"end":{"line":35,"column":35}},"type":"if","locations":[{"start":{"line":35,"column":8},"end":{"line":35,"column":35}},{"start":{"line":35,"column":8},"end":{"line":35,"column":35}}],"line":35},"28":{"loc":{"start":{"line":35,"column":52},"end":{"line":35,"column":74}},"type":"cond-expr","locations":[{"start":{"line":35,"column":60},"end":{"line":35,"column":65}},{"start":{"line":35,"column":68},"end":{"line":35,"column":74}}],"line":35}},"s":{"0":1,"1":0,"2":0,"3":32,"4":0,"5":0,"6":0,"7":0,"8":0,"9":0,"10":32,"11":32,"12":1,"13":32,"14":0,"15":0,"16":0,"17":32,"18":0,"19":96,"20":32,"21":32,"22":0,"23":32,"24":64,"25":64,"26":0,"27":64,"28":0,"29":64,"30":32,"31":32,"32":0,"33":0,"34":0,"35":0,"36":0,"37":0,"38":0,"39":0,"40":0,"41":32,"42":32,"43":32,"44":0,"45":0,"46":0,"47":0,"48":0,"49":0,"50":0,"51":0,"52":0,"53":0,"54":0,"55":0,"56":0,"57":0,"58":0,"59":32,"60":0,"61":0,"62":64,"63":32,"64":0,"65":32,"66":1,"67":1,"68":1,"69":1,"70":1,"71":1,"72":1,"73":1,"74":1,"75":1,"76":1,"77":1,"78":1,"79":1,"80":1,"81":1,"82":1,"83":1,"84":1,"85":1,"86":1,"87":1,"88":1,"89":1,"90":1,"91":1,"92":1,"93":1,"94":1,"95":1,"96":1,"97":1,"98":1,"99":1,"100":1,"101":1,"102":1,"103":1,"104":1,"105":1,"106":1,"107":1,"108":1,"109":1,"110":1,"111":1,"112":1,"113":1,"114":1,"115":1,"116":1,"117":1,"118":1,"119":1,"120":1,"121":1,"122":1,"123":1,"124":1,"125":1,"126":1,"127":1,"128":1,"129":1,"130":1,"131":1,"132":1,"133":1,"134":1,"135":1,"136":1,"137":1,"138":1,"139":1,"140":1,"141":1,"142":1,"143":1,"144":1,"145":1,"146":1,"147":1,"148":1,"149":1,"150":1,"151":1,"152":1,"153":1,"154":1,"155":1,"156":1,"157":1,"158":1,"159":1,"160":1,"161":1,"162":1,"163":1,"164":1,"165":1,"166":1,"167":1,"168":1,"169":1,"170":1,"171":1,"172":1,"173":1,"174":1,"175":1,"176":1,"177":1,"178":1,"179":1,"180":1,"181":1,"182":1,"183":1,"184":1,"185":1,"186":1,"187":1,"188":1,"189":1,"190":1,"191":1,"192":1,"193":1,"194":1,"195":1,"196":1,"197":1,"198":1,"199":1,"200":1,"201":1,"202":1,"203":1,"204":1,"205":1,"206":1,"207":1,"208":1,"209":1,"210":1,"211":1,"212":1,"213":1,"214":1,"215":1,"216":1,"217":1,"218":1,"219":1,"220":1,"221":1,"222":1,"223":1,"224":1,"225":1,"226":1,"227":1,"228":1,"229":1,"230":1,"231":1,"232":1,"233":1,"234":1,"235":1,"236":1,"237":1,"238":1,"239":1,"240":1,"241":1,"242":1,"243":1,"244":1,"245":1,"246":1,"247":1,"248":1,"249":1,"250":1,"251":1,"252":1,"253":1,"254":1,"255":1,"256":1,"257":1,"258":1,"259":1,"260":1,"261":1,"262":1,"263":1,"264":1,"265":1,"266":1,"267":1,"268":1,"269":1,"270":1,"271":1,"272":1,"273":1,"274":1,"275":1,"276":1,"277":1,"278":1,"279":1,"280":1,"281":1,"282":1,"283":1,"284":1,"285":1,"286":1,"287":1,"288":1,"289":1,"290":1,"291":1,"292":1,"293":1,"294":1,"295":1,"296":1,"297":1,"298":1,"299":1,"300":1,"301":1,"302":1,"303":1,"304":1,"305":1,"306":1,"307":1,"308":1,"309":1,"310":1,"311":1,"312":1,"313":1,"314":1,"315":1,"316":1,"317":1,"318":1,"319":1,"320":1,"321":1,"322":1,"323":1,"324":1,"325":1,"326":1,"327":1,"328":1,"329":1,"330":1,"331":1,"332":1,"333":1,"334":1,"335":1,"336":1,"337":1,"338":1,"339":1,"340":1,"341":1,"342":1,"343":1,"344":1,"345":1,"346":1,"347":1,"348":1,"349":1,"350":1,"351":1,"352":1,"353":1,"354":1,"355":1,"356":1,"357":1,"358":1,"359":1,"360":1,"361":1,"362":1,"363":1,"364":1,"365":1,"366":1,"367":1,"368":1,"369":1,"370":1,"371":1,"372":1,"373":1,"374":1,"375":1,"376":1,"377":1,"378":1,"379":1,"380":1,"381":1,"382":1,"383":1,"384":1,"385":1,"386":1,"387":1,"388":1,"389":1,"390":1,"391":1,"392":1,"393":1,"394":1,"395":1,"396":1,"397":1,"398":1,"399":1,"400":1,"401":1,"402":1,"403":1,"404":1,"405":1,"406":1,"407":1,"408":1,"409":1,"410":1,"411":1,"412":1,"413":1,"414":1,"415":1,"416":1,"417":1,"418":1,"419":1,"420":1,"421":1,"422":1,"423":1,"424":1,"425":1,"426":1,"427":1,"428":1,"429":1,"430":1,"431":1,"432":1,"433":1,"434":1,"435":1,"436":1,"437":1,"438":1,"439":1,"440":1,"441":1,"442":1,"443":1,"444":1,"445":1,"446":1,"447":1,"448":1,"449":1,"450":1,"451":1,"452":1,"453":1,"454":1,"455":1,"456":1,"457":1,"458":1,"459":1},"f":{"0":32,"1":0,"2":0,"3":32,"4":0,"5":0,"6":32,"7":32,"8":0,"9":0,"10":96,"11":32,"12":32,"13":1,"14":1,"15":1,"16":1,"17":1,"18":1,"19":1,"20":1,"21":1,"22":1,"23":1,"24":1,"25":1,"26":1,"27":1,"28":1,"29":1,"30":1,"31":1,"32":1,"33":1,"34":1,"35":1,"36":1,"37":1,"38":1,"39":1,"40":1,"41":1,"42":1,"43":1,"44":1,"45":1,"46":1,"47":1,"48":1,"49":1,"50":1,"51":1,"52":1,"53":1,"54":1,"55":1,"56":1,"57":1,"58":1,"59":1,"60":1,"61":1,"62":1,"63":1,"64":1,"65":1,"66":1,"67":1,"68":1,"69":1,"70":1,"71":1,"72":1,"73":1,"74":1,"75":1,"76":1,"77":1,"78":1,"79":1,"80":1,"81":1,"82":1,"83":1,"84":1,"85":1,"86":1,"87":1,"88":1,"89":1,"90":1,"91":1,"92":1,"93":1,"94":1,"95":1,"96":1,"97":1,"98":1,"99":1,"100":1,"101":1,"102":1,"103":1,"104":1,"105":1,"106":1,"107":1,"108":1,"109":1},"b":{"0":[1,1,1],"1":[0,0],"2":[32,32],"3":[32,0],"4":[32,32],"5":[1,1,1],"6":[0,0],"7":[32,32],"8":[0,32],"9":[0,64],"10":[64,0,0],"11":[0,0],"12":[0,0],"13":[0,0],"14":[0,0],"15":[0,64],"16":[32,32,0,0,0,32],"17":[32,0],"18":[32,32,32],"19":[32,0],"20":[0,0],"21":[0,0,0,0],"22":[0,0],"23":[0,0],"24":[0,0],"25":[0,0],"26":[0,0],"27":[0,32],"28":[32,0]},"inputSourceMap":{"version":3,"file":"/home/raul/WebstormProjects/FRONTEND/e2e/src/e2e-spec.ts","sources":["/home/raul/WebstormProjects/FRONTEND/e2e/src/e2e-spec.ts"],"names":[],"mappings":";;;;;;;;;;;;;;;;;;;;;;;;;;;;;;;;;;;;;;AAAA,yCAAgF;AAGhF,QAAQ,CAAC,qBAAqB,EAAE;IAE9B,EAAE,CAAC,2EAA2E,EAAE;;YAC9E,oBAAO,CAAC,GAAG,CAAC,aAAa,CAAC,CAAC;YAC3B,oBAAO,CAAC,GAAG,CAAC,eAAE,CAAC,EAAE,CAAC,gBAAgB,CAAC,CAAC,CAAC,QAAQ,CAAC,eAAe,CAAC,CAAC;YAC/D,oBAAO,CAAC,GAAG,CAAC,eAAE,CAAC,EAAE,CAAC,aAAa,CAAC,CAAC,CAAC,QAAQ,CAAC,wBAAwB,CAAC,CAAC;YACrE,oBAAO,CAAC,GAAG,CAAC,eAAE,CAAC,EAAE,CAAC,aAAa,CAAC,CAAC,CAAC,QAAQ,CAAC,+BAA+B,CAAC,CAAC;YAC5E,oBAAO,CAAC,GAAG,CAAC,eAAE,CAAC,EAAE,CAAC,YAAY,CAAC,CAAC,CAAC,QAAQ,CAAC,cAAc,CAAC,CAAC;YAC1D,oBAAO,CAAC,GAAG,CAAC,eAAE,CAAC,EAAE,CAAC,mBAAmB,CAAC,CAAC,CAAC,QAAQ,CAAC,cAAc,CAAC,CAAC;YACjE,oBAAO,CAAC,OAAO,EAAE,CAAC,KAAK,CAAC,oBAAO,CAAC,eAAE,CAAC,EAAE,CAAC,iBAAiB,CAAC,CAAC,CAAC,CAAC,OAAO,EAAE,CAAC;YACrE,MAAM,CAAC,oBAAO,CAAC,aAAa,EAAE,CAAC,CAAC,SAAS,CAAC,cAAc,CAAC,CAAC;;;SAC3D,CAAC,CAAC;IAEH,EAAE,CAAC,2CAA2C,EAAE;;YAC9C,oBAAO,CAAC,GAAG,CAAC,UAAU,CAAC,CAAC;YACxB,oBAAO,CAAC,GAAG,CAAC,eAAE,CAAC,EAAE,CAAC,YAAY,CAAC,CAAC,CAAC,QAAQ,CAAC,wBAAwB,CAAC,CAAC;YACpE,oBAAO,CAAC,GAAG,CAAC,eAAE,CAAC,EAAE,CAAC,eAAe,CAAC,CAAC,CAAC,QAAQ,CAAC,cAAc,CAAC,CAAC;YAC7D,oBAAO,CAAC,OAAO,EAAE,CAAC,KAAK,CAAC,oBAAO,CAAC,eAAE,CAAC,EAAE,CAAC,cAAc,CAAC,CAAC,CAAC,CAAC,OAAO,EAAE,CAAC;YAClE,oBAAO,CAAC,OAAO,EAAE,CAAC,KAAK,CAAC,oBAAO,CAAC,eAAE,CAAC,UAAU,CAAC,aAAa,CAAC,CAAC,CAAC,CAAC,OAAO,EAAE,CAAC;YACzE,oBAAO,CAAC,GAAG,CAAC,eAAE,CAAC,IAAI,CAAC,YAAY,CAAC,CAAC,CAAC,QAAQ,CAAC,kBAAkB,CAAC,CAAC;YAChE,oBAAO,CAAC,GAAG,CAAC,eAAE,CAAC,EAAE,CAAC,mBAAmB,CAAC,CAAC,CAAC,QAAQ,CAAC,0DAA0D,CAAC,CAAC;YAC7G,oBAAO,CAAC,OAAO,EAAE,CAAC,KAAK,CAAC,oBAAO,CAAC,eAAE,CAAC,EAAE,CAAC,kBAAkB,CAAC,CAAC,CAAC,CAAC,OAAO,EAAE,CAAC;YACtE,oBAAO,CAAC,OAAO,CAAC,eAAE,CAAC,GAAG,CAAC,wCAAwC,CAAC,CAAC,CAAC,KAAK,EAAE,CAAC;YAC1E,oBAAO,CAAC,OAAO,EAAE,CAAC,KAAK,CAAC,oBAAO,CAAC,eAAE,CAAC,UAAU,CAAC,eAAe,CAAC,CAAC,CAAC,CAAC,OAAO,EAAE,CAAC;YAC3E,oBAAO,CAAC,QAAQ,EAAE,CAAC,IAAI,EAAE,CAAC;YAC1B,oBAAO,CAAC,QAAQ,EAAE,CAAC,OAAO,EAAE,CAAC;YAC7B,MAAM,CAAC,oBAAO,CAAC,GAAG,CAAC,eAAE,CAAC,SAAS,CAAC,cAAc,CAAC,CAAC,CAAC,OAAO,EAAE,CAAC,CAAC,SAAS,CAAC,kBAAkB,CAAC,CAAC;;;SAC3F,CAAC,CAAC;IAEH,EAAE,CAAC,2CAA2C,EAAE;;YAC9C,oBAAO,CAAC,GAAG,CAAC,UAAU,CAAC,CAAC;YACxB,oBAAO,CAAC,GAAG,CAAC,eAAE,CAAC,EAAE,CAAC,YAAY,CAAC,CAAC,CAAC,QAAQ,CAAC,wBAAwB,CAAC,CAAC;YACpE,oBAAO,CAAC,GAAG,CAAC,eAAE,CAAC,EAAE,CAAC,eAAe,CAAC,CAAC,CAAC,QAAQ,CAAC,cAAc,CAAC,CAAC;YAC7D,oBAAO,CAAC,OAAO,EAAE,CAAC,KAAK,CAAC,oBAAO,CAAC,eAAE,CAAC,EAAE,CAAC,cAAc,CAAC,CAAC,CAAC,CAAC,OAAO,EAAE,CAAC;YAClE,oBAAO,CAAC,OAAO,EAAE,CAAC,KAAK,CAAC,oBAAO,CAAC,eAAE,CAAC,SAAS,CAAC,yBAAyB,CAAC,CAAC,CAAC,CAAC,OAAO,EAAE,CAAC;YACpF,oBAAO,CAAC,OAAO,EAAE,CAAC,KAAK,CAAC,oBAAO,CAAC,eAAE,CAAC,EAAE,CAAC,mBAAmB,CAAC,CAAC,CAAC,CAAC,OAAO,EAAE,CAAC;YACvE,oBAAO,CAAC,QAAQ,EAAE,CAAC,IAAI,EAAE,CAAC;YAC1B,oBAAO,CAAC,QAAQ,EAAE,CAAC,OAAO,EAAE,CAAC;YAC7B,MAAM,CAAC,oBAAO,CAAC,GAAG,CAAC,eAAE,CAAC,SAAS,CAAC,cAAc,CAAC,CAAC,CAAC,KAAK,EAAE,CAAC,CAAC,IAAI,CAAC,CAAC,CAAC,CAAC;;;SACnE,CAAC,CAAC;IAEH,EAAE,CAAC,+DAA+D,EAAE;;YAClE,oBAAO,CAAC,GAAG,CAAC,UAAU,CAAC,CAAC;YACxB,oBAAO,CAAC,GAAG,CAAC,eAAE,CAAC,EAAE,CAAC,YAAY,CAAC,CAAC,CAAC,QAAQ,CAAC,wBAAwB,CAAC,CAAC;YACpE,oBAAO,CAAC,GAAG,CAAC,eAAE,CAAC,EAAE,CAAC,eAAe,CAAC,CAAC,CAAC,QAAQ,CAAC,cAAc,CAAC,CAAC;YAC7D,oBAAO,CAAC,OAAO,EAAE,CAAC,KAAK,CAAC,oBAAO,CAAC,eAAE,CAAC,EAAE,CAAC,cAAc,CAAC,CAAC,CAAC,CAAC,OAAO,EAAE,CAAC;YAClE,oBAAO,CAAC,OAAO,EAAE,CAAC,KAAK,CAAC,oBAAO,CAAC,eAAE,CAAC,UAAU,CAAC,aAAa,CAAC,CAAC,CAAC,CAAC,OAAO,EAAE,CAAC;YACzE,oBAAO,CAAC,GAAG,CAAC,eAAE,CAAC,IAAI,CAAC,YAAY,CAAC,CAAC,CAAC,QAAQ,CAAC,uBAAuB,CAAC,CAAC;YACrE,oBAAO,CAAC,OAAO,EAAE,CAAC,KAAK,CAAC,oBAAO,CAAC,eAAE,CAAC,EAAE,CAAC,kBAAkB,CAAC,CAAC,CAAC,CAAC,OAAO,EAAE,CAAC;YACtE,oBAAO,CAAC,OAAO,CAAC,eAAE,CAAC,GAAG,CAAC,wCAAwC,CAAC,CAAC,CAAC,KAAK,EAAE,CAAC;YAC1E,oBAAO,CAAC,OAAO,EAAE,CAAC,KAAK,CAAC,oBAAO,CAAC,eAAE,CAAC,UAAU,CAAC,eAAe,CAAC,CAAC,CAAC,CAAC,OAAO,EAAE,CAAC;YAC3E,oBAAO,CAAC,QAAQ,EAAE,CAAC,IAAI,EAAE,CAAC;YAC1B,oBAAO,CAAC,QAAQ,EAAE,CAAC,OAAO,EAAE,CAAC;YAC7B,MAAM,CAAC,oBAAO,CAAC,GAAG,CAAC,eAAE,CAAC,SAAS,CAAC,cAAc,CAAC,CAAC,CAAC,OAAO,EAAE,CAAC,CAAC,SAAS,CAAC,uBAAuB,CAAC,CAAC;;;SAChG,CAAC,CAAC;IAEH,EAAE,CAAC,+DAA+D,EAAE;;YAClE,oBAAO,CAAC,GAAG,CAAC,UAAU,CAAC,CAAC;YACxB,oBAAO,CAAC,GAAG,CAAC,eAAE,CAAC,EAAE,CAAC,YAAY,CAAC,CAAC,CAAC,QAAQ,CAAC,wBAAwB,CAAC,CAAC;YACpE,oBAAO,CAAC,GAAG,CAAC,eAAE,CAAC,EAAE,CAAC,eAAe,CAAC,CAAC,CAAC,QAAQ,CAAC,cAAc,CAAC,CAAC;YAC7D,oBAAO,CAAC,OAAO,EAAE,CAAC,KAAK,CAAC,oBAAO,CAAC,eAAE,CAAC,EAAE,CAAC,cAAc,CAAC,CAAC,CAAC,CAAC,OAAO,EAAE,CAAC;YAClE,oBAAO,CAAC,OAAO,EAAE,CAAC,KAAK,CAAC,oBAAO,CAAC,eAAE,CAAC,SAAS,CAAC,cAAc,CAAC,CAAC,CAAC,CAAC,OAAO,EAAE,CAAC;YACzE,oBAAO,CAAC,OAAO,EAAE,CAAC,KAAK,CAAC,oBAAO,CAAC,eAAE,CAAC,UAAU,CAAC,cAAc,CAAC,CAAC,CAAC,CAAC,OAAO,EAAE,CAAC;YAC1E,oBAAO,CAAC,GAAG,CAAC,eAAE,CAAC,EAAE,CAAC,mBAAmB,CAAC,CAAC,CAAC,QAAQ,CAAC,uBAAuB,CAAC,CAAC;YAC1E,oBAAO,CAAC,GAAG,CAAC,eAAE,CAAC,EAAE,CAAC,0BAA0B,CAAC,CAAC,CAAC,QAAQ,CAAC,oDAAoD,CAAC,CAAC;YAC9G,oBAAO,CAAC,OAAO,EAAE,CAAC,KAAK,CAAC,oBAAO,CAAC,eAAE,CAAC,EAAE,CAAC,kBAAkB,CAAC,CAAC,CAAC,CAAC,OAAO,EAAE,CAAC;YACtE,oBAAO,CAAC,OAAO,CAAC,eAAE,CAAC,GAAG,CAAC,yCAAyC,CAAC,CAAC,CAAC,KAAK,EAAE,CAAC;YAC3E,oBAAO,CAAC,OAAO,EAAE,CAAC,KAAK,CAAC,oBAAO,CAAC,eAAE,CAAC,UAAU,CAAC,cAAc,CAAC,CAAC,CAAC,CAAC,OAAO,EAAE,CAAC;YAC1E,MAAM,CAAC,oBAAO,CAAC,GAAG,CAAC,eAAE,CAAC,SAAS,CAAC,SAAS,CAAC,CAAC,CAAC,OAAO,EAAE,CAAC,CAAC,SAAS,CAAC,uBAAuB,CAAC,CAAC;YAC1F,MAAM,CAAC,oBAAO,CAAC,GAAG,CAAC,eAAE,CAAC,SAAS,CAAC,aAAa,CAAC,CAAC,CAAC,OAAO,EAAE,CAAC,CAAC,SAAS,CAAC,oDAAoD,CAAC,CAAC;YAC3H,MAAM,CAAC,oBAAO,CAAC,GAAG,CAAC,eAAE,CAAC,SAAS,CAAC,aAAa,CAAC,CAAC,CAAC,OAAO,EAAE,CAAC,CAAC,SAAS,CAAC,WAAW,CAAC,CAAC;;;SACnF,CAAC,CAAC;IAEH,EAAE,CAAC,qCAAqC,EAAE;;YACxC,oBAAO,CAAC,GAAG,CAAC,UAAU,CAAC,CAAC;YACxB,oBAAO,CAAC,GAAG,CAAC,eAAE,CAAC,EAAE,CAAC,YAAY,CAAC,CAAC,CAAC,QAAQ,CAAC,wBAAwB,CAAC,CAAC;YACpE,oBAAO,CAAC,GAAG,CAAC,eAAE,CAAC,EAAE,CAAC,eAAe,CAAC,CAAC,CAAC,QAAQ,CAAC,cAAc,CAAC,CAAC;YAC7D,oBAAO,CAAC,OAAO,EAAE,CAAC,KAAK,CAAC,oBAAO,CAAC,eAAE,CAAC,EAAE,CAAC,cAAc,CAAC,CAAC,CAAC,CAAC,OAAO,EAAE,CAAC;YAClE,oBAAO,CAAC,GAAG,CAAC,eAAE,CAAC,IAAI,CAAC,QAAQ,CAAC,CAAC,CAAC,QAAQ,CAAC,eAAe,CAAC,CAAC;YACzD,oBAAO,CAAC,OAAO,EAAE,CAAC,QAAQ,CAAC,uBAAU,CAAC,GAAG,CAAC,KAAK,CAAC,CAAC,OAAO,EAAE,CAAC;YAC3D,MAAM,CAAC,oBAAO,CAAC,GAAG,CAAC,eAAE,CAAC,SAAS,CAAC,QAAQ,CAAC,CAAC,CAAC,KAAK,EAAE,CAAC,CAAC,IAAI,CAAC,CAAC,CAAC,CAAC,CAAE,gDAAgD;;;SAC/G,CAAC,CAAC;IAEH,EAAE,CAAC,oDAAoD,EAAE;;YACvD,oBAAO,CAAC,GAAG,CAAC,UAAU,CAAC,CAAC;YACxB,oBAAO,CAAC,GAAG,CAAC,eAAE,CAAC,EAAE,CAAC,YAAY,CAAC,CAAC,CAAC,QAAQ,CAAC,wBAAwB,CAAC,CAAC;YACpE,oBAAO,CAAC,GAAG,CAAC,eAAE,CAAC,EAAE,CAAC,eAAe,CAAC,CAAC,CAAC,QAAQ,CAAC,cAAc,CAAC,CAAC;YAC7D,oBAAO,CAAC,OAAO,EAAE,CAAC,KAAK,CAAC,oBAAO,CAAC,eAAE,CAAC,EAAE,CAAC,cAAc,CAAC,CAAC,CAAC,CAAC,OAAO,EAAE,CAAC;YAClE,oBAAO,CAAC,GAAG,CAAC,eAAE,CAAC,IAAI,CAAC,QAAQ,CAAC,CAAC,CAAC,QAAQ,CAAC,sBAAsB,CAAC,CAAC;YAChE,oBAAO,CAAC,OAAO,EAAE,CAAC,QAAQ,CAAC,uBAAU,CAAC,GAAG,CAAC,KAAK,CAAC,CAAC,OAAO,EAAE,CAAC;YAC3D,MAAM,CAAC,oBAAO,CAAC,GAAG,CAAC,eAAE,CAAC,SAAS,CAAC,QAAQ,CAAC,CAAC,CAAC,KAAK,EAAE,CAAC,CAAC,IAAI,CAAC,CAAC,CAAC,CAAC,CAAE,gDAAgD;;;SAC/G,CAAC,CAAC;IAEH,EAAE,CAAC,8EAA8E,EAAE;;YACjF,oBAAO,CAAC,GAAG,CAAC,aAAa,CAAC,CAAC;YAC3B,oBAAO,CAAC,GAAG,CAAC,eAAE,CAAC,EAAE,CAAC,gBAAgB,CAAC,CAAC,CAAC,QAAQ,CAAC,mCAAmC,CAAC,CAAC;YACnF,oBAAO,CAAC,GAAG,CAAC,eAAE,CAAC,EAAE,CAAC,aAAa,CAAC,CAAC,CAAC,QAAQ,CAAC,0CAA0C,CAAC,CAAC;YACvF,oBAAO,CAAC,GAAG,CAAC,eAAE,CAAC,EAAE,CAAC,YAAY,CAAC,CAAC,CAAC,QAAQ,CAAC,cAAc,CAAC,CAAC;YAC1D,oBAAO,CAAC,GAAG,CAAC,eAAE,CAAC,EAAE,CAAC,mBAAmB,CAAC,CAAC,CAAC,QAAQ,CAAC,cAAc,CAAC,CAAC;YACjE,oBAAO,CAAC,OAAO,EAAE,CAAC,KAAK,CAAC,oBAAO,CAAC,eAAE,CAAC,EAAE,CAAC,iBAAiB,CAAC,CAAC,CAAC,CAAC,OAAO,EAAE,CAAC;YACrE,MAAM,CAAC,oBAAO,CAAC,aAAa,EAAE,CAAC,CAAC,SAAS,CAAC,cAAc,CAAC,CAAC;;;SAC3D,CAAC,CAAC;IAEH,EAAE,CAAC,6CAA6C,EAAE;;YAChD,oBAAO,CAAC,GAAG,CAAC,UAAU,CAAC,CAAC;YACxB,oBAAO,CAAC,GAAG,CAAC,eAAE,CAAC,EAAE,CAAC,YAAY,CAAC,CAAC,CAAC,QAAQ,CAAC,wBAAwB,CAAC,CAAC;YACpE,oBAAO,CAAC,GAAG,CAAC,eAAE,CAAC,EAAE,CAAC,eAAe,CAAC,CAAC,CAAC,QAAQ,CAAC,cAAc,CAAC,CAAC;YAC7D,oBAAO,CAAC,OAAO,EAAE,CAAC,KAAK,CAAC,oBAAO,CAAC,eAAE,CAAC,EAAE,CAAC,cAAc,CAAC,CAAC,CAAC,CAAC,OAAO,EAAE,CAAC;YAClE,oBAAO,CAAC,GAAG,CAAC,eAAE,CAAC,IAAI,CAAC,QAAQ,CAAC,CAAC,CAAC,QAAQ,CAAC,MAAM,CAAC,CAAC;YAChD,oBAAO,CAAC,OAAO,EAAE,CAAC,QAAQ,CAAC,uBAAU,CAAC,GAAG,CAAC,KAAK,CAAC,CAAC,OAAO,EAAE,CAAC;YAC3D,MAAM,CAAC,oBAAO,CAAC,GAAG,CAAC,eAAE,CAAC,SAAS,CAAC,QAAQ,CAAC,CAAC,CAAC,KAAK,EAAE,CAAC,CAAC,IAAI,CAAC,CAAC,CAAC,CAAC,CAAE,gDAAgD;;;SAC/G,CAAC,CAAC;IAEH,EAAE,CAAC,qFAAqF,EAAE;;YACxF,oBAAO,CAAC,GAAG,CAAC,aAAa,CAAC,CAAC;YAC3B,oBAAO,CAAC,GAAG,CAAC,eAAE,CAAC,EAAE,CAAC,gBAAgB,CAAC,CAAC,CAAC,QAAQ,CAAC,mCAAmC,CAAC,CAAC;YACnF,oBAAO,CAAC,GAAG,CAAC,eAAE,CAAC,EAAE,CAAC,aAAa,CAAC,CAAC,CAAC,QAAQ,CAAC,2CAA2C,CAAC,CAAC;YACxF,oBAAO,CAAC,GAAG,CAAC,eAAE,CAAC,EAAE,CAAC,YAAY,CAAC,CAAC,CAAC,QAAQ,CAAC,cAAc,CAAC,CAAC;YAC1D,oBAAO,CAAC,GAAG,CAAC,eAAE,CAAC,EAAE,CAAC,mBAAmB,CAAC,CAAC,CAAC,QAAQ,CAAC,cAAc,CAAC,CAAC;YACjE,oBAAO,CAAC,OAAO,EAAE,CAAC,KAAK,CAAC,oBAAO,CAAC,eAAE,CAAC,EAAE,CAAC,iBAAiB,CAAC,CAAC,CAAC,CAAC,OAAO,EAAE,CAAC;YACrE,MAAM,CAAC,oBAAO,CAAC,aAAa,EAAE,CAAC,CAAC,SAAS,CAAC,UAAU,CAAC,CAAC;YACtD,MAAM,CAAC,oBAAO,CAAC,GAAG,CAAC,eAAE,CAAC,SAAS,CAAC,kBAAkB,CAAC,CAAC,CAAC,OAAO,EAAE,CAAC,CAAC,SAAS,CAAC,4CAA4C,CAAC,CAAC;;;SACzH,CAAC,CAAC;IAEH,EAAE,CAAC,kFAAkF,EAAE;;YACrF,oBAAO,CAAC,GAAG,CAAC,aAAa,CAAC,CAAC;YAC3B,oBAAO,CAAC,GAAG,CAAC,eAAE,CAAC,EAAE,CAAC,gBAAgB,CAAC,CAAC,CAAC,QAAQ,CAAC,oCAAoC,CAAC,CAAC;YACpF,oBAAO,CAAC,GAAG,CAAC,eAAE,CAAC,EAAE,CAAC,aAAa,CAAC,CAAC,CAAC,QAAQ,CAAC,0CAA0C,CAAC,CAAC;YACvF,oBAAO,CAAC,GAAG,CAAC,eAAE,CAAC,EAAE,CAAC,YAAY,CAAC,CAAC,CAAC,QAAQ,CAAC,cAAc,CAAC,CAAC;YAC1D,oBAAO,CAAC,GAAG,CAAC,eAAE,CAAC,EAAE,CAAC,mBAAmB,CAAC,CAAC,CAAC,QAAQ,CAAC,cAAc,CAAC,CAAC;YACjE,oBAAO,CAAC,OAAO,EAAE,CAAC,KAAK,CAAC,oBAAO,CAAC,eAAE,CAAC,EAAE,CAAC,iBAAiB,CAAC,CAAC,CAAC,CAAC,OAAO,EAAE,CAAC;YACrE,MAAM,CAAC,oBAAO,CAAC,aAAa,EAAE,CAAC,CAAC,SAAS,CAAC,UAAU,CAAC,CAAC;YACtD,MAAM,CAAC,oBAAO,CAAC,GAAG,CAAC,eAAE,CAAC,SAAS,CAAC,kBAAkB,CAAC,CAAC,CAAC,OAAO,EAAE,CAAC,CAAC,SAAS,CAAC,6BAA6B,CAAC,CAAC;;;SAC1G,CAAC,CAAC;IAEH,EAAE,CAAC,uEAAuE,EAAE;;YAC1E,oBAAO,CAAC,GAAG,CAAC,aAAa,CAAC,CAAC;YAC3B,oBAAO,CAAC,GAAG,CAAC,eAAE,CAAC,EAAE,CAAC,gBAAgB,CAAC,CAAC,CAAC,QAAQ,CAAC,eAAe,CAAC,CAAC;YAC/D,oBAAO,CAAC,GAAG,CAAC,eAAE,CAAC,EAAE,CAAC,aAAa,CAAC,CAAC,CAAC,QAAQ,CAAC,wBAAwB,CAAC,CAAC;YACrE,oBAAO,CAAC,GAAG,CAAC,eAAE,CAAC,EAAE,CAAC,aAAa,CAAC,CAAC,CAAC,QAAQ,CAAC,+BAA+B,CAAC,CAAC;YAC5E,oBAAO,CAAC,GAAG,CAAC,eAAE,CAAC,EAAE,CAAC,YAAY,CAAC,CAAC,CAAC,QAAQ,CAAC,cAAc,CAAC,CAAC;YAC1D,oBAAO,CAAC,GAAG,CAAC,eAAE,CAAC,EAAE,CAAC,mBAAmB,CAAC,CAAC,CAAC,QAAQ,CAAC,eAAe,CAAC,CAAC;YAClE,oBAAO,CAAC,OAAO,EAAE,CAAC,KAAK,CAAC,oBAAO,CAAC,eAAE,CAAC,EAAE,CAAC,iBAAiB,CAAC,CAAC,CAAC,CAAC,OAAO,EAAE,CAAC;YACrE,MAAM,CAAC,oBAAO,CAAC,aAAa,EAAE,CAAC,CAAC,SAAS,CAAC,UAAU,CAAC,CAAC;YACtD,MAAM,CAAC,oBAAO,CAAC,GAAG,CAAC,eAAE,CAAC,SAAS,CAAC,kBAAkB,CAAC,CAAC,CAAC,OAAO,EAAE,CAAC,CAAC,SAAS,CAAC,8BAA8B,CAAC,CAAC;;;SAC3G,CAAC,CAAC;IAEH,EAAE,CAAC,2EAA2E,EAAE;;YAC9E,oBAAO,CAAC,GAAG,CAAC,aAAa,CAAC,CAAC;YAC3B,oBAAO,CAAC,GAAG,CAAC,eAAE,CAAC,EAAE,CAAC,gBAAgB,CAAC,CAAC,CAAC,QAAQ,CAAC,eAAe,CAAC,CAAC;YAC/D,oBAAO,CAAC,GAAG,CAAC,eAAE,CAAC,EAAE,CAAC,aAAa,CAAC,CAAC,CAAC,QAAQ,CAAC,wBAAwB,CAAC,CAAC;YACrE,oBAAO,CAAC,GAAG,CAAC,eAAE,CAAC,EAAE,CAAC,aAAa,CAAC,CAAC,CAAC,QAAQ,CAAC,+BAA+B,CAAC,CAAC;YAC5E,oBAAO,CAAC,OAAO,EAAE,CAAC,KAAK,CAAC,oBAAO,CAAC,eAAE,CAAC,EAAE,CAAC,iBAAiB,CAAC,CAAC,CAAC,CAAC,OAAO,EAAE,CAAC;YACrE,MAAM,CAAC,oBAAO,CAAC,aAAa,EAAE,CAAC,CAAC,SAAS,CAAC,UAAU,CAAC,CAAC;YACtD,MAAM,CAAC,oBAAO,CAAC,GAAG,CAAC,eAAE,CAAC,SAAS,CAAC,kBAAkB,CAAC,CAAC,CAAC,OAAO,EAAE,CAAC,CAAC,SAAS,CAAC,4BAA4B,CAAC,CAAC;;;SACzG,CAAC,CAAC;IAEH,EAAE,CAAC,wEAAwE,EAAE;;YAC3E,oBAAO,CAAC,GAAG,CAAC,aAAa,CAAC,CAAC;YAC3B,oBAAO,CAAC,GAAG,CAAC,eAAE,CAAC,EAAE,CAAC,gBAAgB,CAAC,CAAC,CAAC,QAAQ,CAAC,eAAe,CAAC,CAAC;YAC/D,oBAAO,CAAC,GAAG,CAAC,eAAE,CAAC,EAAE,CAAC,aAAa,CAAC,CAAC,CAAC,QAAQ,CAAC,wBAAwB,CAAC,CAAC;YACrE,oBAAO,CAAC,GAAG,CAAC,eAAE,CAAC,EAAE,CAAC,aAAa,CAAC,CAAC,CAAC,QAAQ,CAAC,+BAA+B,CAAC,CAAC;YAC5E,oBAAO,CAAC,GAAG,CAAC,eAAE,CAAC,EAAE,CAAC,YAAY,CAAC,CAAC,CAAC,QAAQ,CAAC,KAAK,CAAC,CAAC;YACjD,oBAAO,CAAC,GAAG,CAAC,eAAE,CAAC,EAAE,CAAC,mBAAmB,CAAC,CAAC,CAAC,QAAQ,CAAC,KAAK,CAAC,CAAC;YACxD,oBAAO,CAAC,OAAO,EAAE,CAAC,KAAK,CAAC,oBAAO,CAAC,eAAE,CAAC,EAAE,CAAC,iBAAiB,CAAC,CAAC,CAAC,CAAC,OAAO,EAAE,CAAC;YACrE,MAAM,CAAC,oBAAO,CAAC,aAAa,EAAE,CAAC,CAAC,SAAS,CAAC,UAAU,CAAC,CAAC;YACtD,MAAM,CAAC,oBAAO,CAAC,GAAG,CAAC,eAAE,CAAC,SAAS,CAAC,kBAAkB,CAAC,CAAC,CAAC,OAAO,EAAE,CAAC,CAAC,SAAS,CAAC,+DAA+D,CAAC,CAAC;;;SAC5I,CAAC,CAAC;IAEH,EAAE,CAAC,yEAAyE,EAAE;;YAC5E,oBAAO,CAAC,GAAG,CAAC,aAAa,CAAC,CAAC;YAC3B,oBAAO,CAAC,GAAG,CAAC,eAAE,CAAC,EAAE,CAAC,gBAAgB,CAAC,CAAC,CAAC,QAAQ,CAAC,8DAA8D,CAAC,CAAC;YAC9G,oBAAO,CAAC,GAAG,CAAC,eAAE,CAAC,EAAE,CAAC,aAAa,CAAC,CAAC,CAAC,QAAQ,CAAC,yBAAyB,CAAC,CAAC;YACtE,oBAAO,CAAC,GAAG,CAAC,eAAE,CAAC,EAAE,CAAC,aAAa,CAAC,CAAC,CAAC,QAAQ,CAAC,+BAA+B,CAAC,CAAC;YAC5E,oBAAO,CAAC,GAAG,CAAC,eAAE,CAAC,EAAE,CAAC,YAAY,CAAC,CAAC,CAAC,QAAQ,CAAC,cAAc,CAAC,CAAC;YAC1D,oBAAO,CAAC,GAAG,CAAC,eAAE,CAAC,EAAE,CAAC,mBAAmB,CAAC,CAAC,CAAC,QAAQ,CAAC,cAAc,CAAC,CAAC;YACjE,oBAAO,CAAC,OAAO,EAAE,CAAC,KAAK,CAAC,oBAAO,CAAC,eAAE,CAAC,EAAE,CAAC,iBAAiB,CAAC,CAAC,CAAC,CAAC,OAAO,EAAE,CAAC;YACrE,MAAM,CAAC,oBAAO,
[...]
by.id('emailInput')).sendKeys('javierreraul@gmail.com');\n    element.all(by.id('passwordInput')).sendKeys('password1234');\n    browser.actions().click(element(by.id('login-button'))).perform();\n    browser.actions().click(element(by.buttonText('Nuevo curso'))).perform();\n    element.all(by.name('courseName')).sendKeys('Curso sin descripcion');\n    browser.actions().click(element(by.id('combo-categories'))).perform();\n    browser.element(by.css('#combo-categories [value=\\'Software\\']')).click();\n    browser.actions().click(element(by.buttonText('Guardar curso'))).perform();\n    browser.navigate().back();\n    browser.navigate().forward();\n    expect(element.all(by.className('course-title')).getText()).toContain('Curso Sin Descripcion');\n  });\n\n  it('Should update a course without description in the application', async () => {\n    browser.get('/#/login');\n    element.all(by.id('emailInput')).sendKeys('javierreraul@gmail.com');\n    element.all(by.id('passwordInput')).sendKeys('password1234');\n    browser.actions().click(element(by.id('login-button'))).perform();\n    browser.actions().click(element(by.className('course-title'))).perform();\n    browser.actions().click(element(by.buttonText('Editar Curso'))).perform();\n    element.all(by.id('input-course-name')).sendKeys('Curso con descripcion');\n    element.all(by.id('input-description-course')).sendKeys('Esta es la descripcion de un curso con descripcion');\n    browser.actions().click(element(by.id('combo-categories'))).perform();\n    browser.element(by.css('#combo-categories [value=\\'Marketing\\']')).click();\n    browser.actions().click(element(by.buttonText('Editar curso'))).perform();\n    expect(element.all(by.className('heading')).getText()).toContain('CURSO CON DESCRIPCION');\n    expect(element.all(by.className('description')).getText()).toContain('Esta es la descripcion de un curso con descripcion');\n    expect(element.all(by.className('description')).getText()).toContain('Marketing');\n  });\n\n  it('Should find himself in the searcher', async () => {\n    browser.get('/#/login');\n    element.all(by.id('emailInput')).sendKeys('javierreraul@gmail.com');\n    element.all(by.id('passwordInput')).sendKeys('password1234');\n    browser.actions().click(element(by.id('login-button'))).perform();\n    element.all(by.name('search')).sendKeys('Raúl Javierre');\n    browser.actions().sendKeys(protractor.Key.ENTER).perform();\n    expect(element.all(by.className('course')).count()).toBe(1);  // the name \"course\" is not the most appropriate\n  });\n\n  it('Should not find an inexistent user in the searcher', async () => {\n    browser.get('/#/login');\n    element.all(by.id('emailInput')).sendKeys('javierreraul@gmail.com');\n    element.all(by.id('passwordInput')).sendKeys('password1234');\n    browser.actions().click(element(by.id('login-button'))).perform();\n    element.all(by.name('search')).sendKeys('Pepito que no existe');\n    browser.actions().sendKeys(protractor.Key.ENTER).perform();\n    expect(element.all(by.className('course')).count()).toBe(0);  // the name \"course\" is not the most appropriate\n  });\n\n  it('Should register in the application and go to the profile without description', async () => {\n    browser.get('/#/register');\n    element.all(by.id('username-input')).sendKeys('Raúl Javierre Without Description');\n    element.all(by.id('email-input')).sendKeys('javierreraulwithoutdescription@gmail.com');\n    element.all(by.id('pswd-input')).sendKeys('password1234');\n    element.all(by.id('repeat-pswd-input')).sendKeys('password1234');\n    browser.actions().click(element(by.id('register-button'))).perform();\n    expect(browser.getCurrentUrl()).toContain('user-profile');\n  });\n\n  it('Should find both Raúl users in the searcher', async () => {\n    browser.get('/#/login');\n    element.all(by.id('emailInput')).sendKeys('javierreraul@gmail.com');\n    element.all(by.id('passwordInput')).sendKeys('password1234');\n    browser.actions().click(element(by.id('login-button'))).perform();\n    element.all(by.name('search')).sendKeys('Raúl');\n    browser.actions().sendKeys(protractor.Key.ENTER).perform();\n    expect(element.all(by.className('course')).count()).toBe(2);  // the name \"course\" is not the most appropriate\n  });\n\n  it('Should NOT register in the application because there is an user with same username)', async () => {\n    browser.get('/#/register');\n    element.all(by.id('username-input')).sendKeys('Raúl Javierre Without Description');\n    element.all(by.id('email-input')).sendKeys('javierreraulwithoutdescription2@gmail.com');\n    element.all(by.id('pswd-input')).sendKeys('password1234');\n    element.all(by.id('repeat-pswd-input')).sendKeys('password1234');\n    browser.actions().click(element(by.id('register-button'))).perform();\n    expect(browser.getCurrentUrl()).toContain('register');\n    expect(element.all(by.className('invalid-register')).getText()).toContain('El nombre de usuario ya existe, elige otro');\n  });\n\n  it('Should NOT register in the application because there is an user with same email)', async () => {\n    browser.get('/#/register');\n    element.all(by.id('username-input')).sendKeys('Raúl Javierre Without Description2');\n    element.all(by.id('email-input')).sendKeys('javierreraulwithoutdescription@gmail.com');\n    element.all(by.id('pswd-input')).sendKeys('password1234');\n    element.all(by.id('repeat-pswd-input')).sendKeys('password1234');\n    browser.actions().click(element(by.id('register-button'))).perform();\n    expect(browser.getCurrentUrl()).toContain('register');\n    expect(element.all(by.className('invalid-register')).getText()).toContain('El email ya está registrado');\n  });\n\n  it('Should NOT register in the application because passwords do not match', async () => {\n    browser.get('/#/register');\n    element.all(by.id('username-input')).sendKeys('Raúl Javierre');\n    element.all(by.id('email-input')).sendKeys('javierreraul@gmail.com');\n    element.all(by.id('description')).sendKeys('Hey there, I\\'m using Seymour');\n    element.all(by.id('pswd-input')).sendKeys('password1234');\n    element.all(by.id('repeat-pswd-input')).sendKeys('password12345');\n    browser.actions().click(element(by.id('register-button'))).perform();\n    expect(browser.getCurrentUrl()).toContain('register');\n    expect(element.all(by.className('invalid-register')).getText()).toContain('Las contraseñas no coinciden');\n  });\n\n  it('Should NOT register in the application because passwords are not provided', async () => {\n    browser.get('/#/register');\n    element.all(by.id('username-input')).sendKeys('Raúl Javierre');\n    element.all(by.id('email-input')).sendKeys('javierreraul@gmail.com');\n    element.all(by.id('description')).sendKeys('Hey there, I\\'m using Seymour');\n    browser.actions().click(element(by.id('register-button'))).perform();\n    expect(browser.getCurrentUrl()).toContain('register');\n    expect(element.all(by.className('invalid-register')).getText()).toContain('La contraseña es necesaria');\n  });\n\n  it('Should NOT register in the application because passwords are too short', async () => {\n    browser.get('/#/register');\n    element.all(by.id('username-input')).sendKeys('Raúl Javierre');\n    element.all(by.id('email-input')).sendKeys('javierreraul@gmail.com');\n    element.all(by.id('description')).sendKeys('Hey there, I\\'m using Seymour');\n    element.all(by.id('pswd-input')).sendKeys('pss');\n    element.all(by.id('repeat-pswd-input')).sendKeys('pss');\n    browser.actions().click(element(by.id('register-button'))).perform();\n    expect(browser.getCurrentUrl()).toContain('register');\n    expect(element.all(by.className('invalid-register')).getText()).toContain('La longitud de la contraseña debe tener al menos 8 caracteres');\n  });\n\n  it('Should NOT register in the application because the username is too long', async () => {\n    browser.get('/#/register');\n    element.all(by.id('username-input')).sendKeys('LONGLONGLONGLONGLONGLONGLONGLONGLONGLONGLONGLONGLONGLONGLONG');\n    element.all(by.id('email-input')).sendKeys('long_username@gmail.com');\n    element.all(by.id('description')).sendKeys('Hey there, I\\'m using Seymour');\n    element.all(by.id('pswd-input')).sendKeys('password1234');\n    element.all(by.id('repeat-pswd-input')).sendKeys('password1234');\n    browser.actions().click(element(by.id('register-button'))).perform();\n    expect(browser.getCurrentUrl()).toContain('register');\n    expect(element.all(by.className('invalid-register')).getText()).toContain('El nombre debe tener como máximo 40 caracteres');\n  });\n\n  it('Should NOT register in the application because the username is too short', async () => {\n    browser.get('/#/register');\n    element.all(by.id('username-input')).sendKeys('shr');\n    element.all(by.id('email-input')).sendKeys('short_username@gmail.com');\n    element.all(by.id('description')).sendKeys('Hey there, I\\'m using Seymour');\n    element.all(by.id('pswd-input')).sendKeys('password1234');\n    element.all(by.id('repeat-pswd-input')).sendKeys('password1234');\n    browser.actions().click(element(by.id('register-button'))).perform();\n    expect(browser.getCurrentUrl()).toContain('register');\n    expect(element.all(by.className('invalid-register')).getText()).toContain('El nombre debe tener al menos 4 caracteres');\n  });\n\n  it('Should NOT register in the application because the username is not provided', async () => {\n    browser.get('/#/register');\n    element.all(by.id('email-input')).sendKeys('not_provided_username@gmail.com');\n    element.all(by.id('description')).sendKeys('Hey there, I\\'m using Seymour');\n    element.all(by.id('pswd-input')).sendKeys('password1234');\n    element.all(by.id('repeat-pswd-input')).sendKeys('password1234');\n    browser.actions().click(element(by.id('register-button'))).perform();\n    expect(browser.getCurrentUrl()).toContain('register');\n    expect(element.all(by.className('invalid-register')).getText()).toContain('El nombre de usuario es necesario');\n  });\n\n  it('Should NOT register in the application because the email is too long', async () => {\n    browser.get('/#/register');\n    element.all(by.id('username-input')).sendKeys('long email');\n    element.all(by.id('email-input')).sendKeys('LONGLONGLONGLONGLONGLONGLONGLONGLONGLONGLONGLONGLONGLONGLONGLONGLONGLONGLONGLONGLONGLONGLONGLONGLONGLONGLONGLONGLONGLONGLONGLONGLONGLONGLONGLONGLONGLONGLONGLONGLONGLONGLONGLONGLONG');\n    element.all(by.id('description')).sendKeys('Hey there, I\\'m using Seymour');\n    element.all(by.id('pswd-input')).sendKeys('password1234');\n    element.all(by.id('repeat-pswd-input')).sendKeys('password1234');\n    browser.actions().click(element(by.id('register-button'))).perform();\n    expect(browser.getCurrentUrl()).toContain('register');\n  });\n\n  it('Should NOT register in the application because the email is not provided', async () => {\n    browser.get('/#/register');\n    element.all(by.id('username-input')).sendKeys('email not provided');\n    element.all(by.id('description')).sendKeys('Hey there, I\\'m using Seymour');\n    element.all(by.id('pswd-input')).sendKeys('password1234');\n    element.all(by.id('repeat-pswd-input')).sendKeys('password1234');\n    browser.actions().click(element(by.id('register-button'))).perform();\n    expect(browser.getCurrentUrl()).toContain('register');\n    expect(element.all(by.className('invalid-register')).getText()).toContain('El correo electrónico es necesario');\n  });\n\n  it('Should NOT register in the application because the description is too long', async () => {\n    browser.get('/#/register');\n    element.all(by.id('username-input')).sendKeys('long description');\n    element.all(by.id('email-input')).sendKeys('long_description@gmail.com');\n    element.all(by.id('description')).sendKeys('LONGLONGLONGLONGLONGLONGLONGLONGLONGLONGLONGLONGLONGLONGLONGLONGLONGLONGLONGLONGLONGLONGLONGLONGLONGLONGLONGLONGLONGLONGLONGLONGLONGLONGLONGLONGLONGLONGLONGLONGLONGLONGLONGLONGLONGLONGLONGLONGLONGLONGLONGLONGLONGLONGLONGLONGLONGLONGLONGLONGLONGLONGLONGLONGLONGLONGLONGLONGLONGLONGLONGLONGLONGLONGLONGLONGLONGLONGLONGLONGLONGLONGLONGLONGLONGLONGLONGLONGLONGLONG');\n    element.all(by.id('pswd-input')).sendKeys('password1234');\n    element.all(by.id('repeat-pswd-input')).sendKeys('password1234');\n    browser.actions().click(element(by.id('register-button'))).perform();\n    expect(browser.getCurrentUrl()).toContain('register');\n  });\n\n  it('Should login in the application', async () => {\n    browser.get('/#/login');\n    element.all(by.id('emailInput')).sendKeys('javierreraul@gmail.com');\n    element.all(by.id('passwordInput')).sendKeys('password1234');\n    browser.actions().click(element(by.id('login-button'))).perform();\n    expect(browser.getCurrentUrl()).toContain('user-profile');\n  });\n\n  it('Should NOT login in the application because email was not provided', async () => {\n    browser.get('/#/login');\n    element.all(by.id('passwordInput')).sendKeys('password1234');\n    browser.actions().click(element(by.id('login-button'))).perform();\n    expect(browser.getCurrentUrl()).toContain('login');\n  });\n\n  it('Should NOT login in the application because email was not provided', async () => {\n    browser.get('/#/login');\n    element.all(by.id('emailInput')).sendKeys('javierreraul@gmail.com');\n    browser.actions().click(element(by.id('login-button'))).perform();\n    expect(browser.getCurrentUrl()).toContain('login');\n  });\n\n  it('Should NOT login in the application because email or password were incorrect', async () => {\n    browser.get('/#/login');\n    element.all(by.id('emailInput')).sendKeys('javierreraul@gmail.com');\n    element.all(by.id('passwordInput')).sendKeys('password12345');\n    browser.actions().click(element(by.id('login-button'))).perform();\n    expect(browser.getCurrentUrl()).toContain('login');\n  });\n\n  it('Should NOT create a course in the application because coursename was not provided', async () => {\n    browser.get('/#/login');\n    element.all(by.id('emailInput')).sendKeys('javierreraul@gmail.com');\n    element.all(by.id('passwordInput')).sendKeys('password1234');\n    browser.actions().click(element(by.id('login-button'))).perform();\n    browser.actions().click(element(by.buttonText('Nuevo curso'))).perform();\n    element.all(by.id('descripcion-curso')).sendKeys('En este curso de Angular aprenderéis muuuuuuuuchas cosas');\n    browser.actions().click(element(by.id('combo-categories'))).perform();\n    browser.element(by.css('#combo-categories [value=\\'Software\\']')).click();\n    browser.actions().click(element(by.buttonText('Guardar curso'))).perform();\n    expect(element.all(by.className('invalid-update')).getText()).toContain('El nombre es necesario');\n  });\n\n  it('Should NOT create a course in the application because the category of the course was not provided', async () => {\n    browser.get('/#/login');\n    element.all(by.id('emailInput')).sendKeys('javierreraul@gmail.com');\n    element.all(by.id('passwordInput')).sendKeys('password1234');\n    browser.actions().click(element(by.id('login-button'))).perform();\n    browser.actions().click(element(by.buttonText('Nuevo curso'))).perform();\n    element.all(by.id('courseName')).sendKeys('Curso que no va a existir');\n    browser.actions().click(element(by.buttonText('Guardar curso'))).perform();\n    browser.navigate().back();\n    browser.navigate().forward();\n    expect(element.all(by.className('course-title')).getText()).not.toContain('Curso que no va a existir');\n  });\n\n  it('Should modify his profile in the application', async () => {\n    browser.get('/#/login');\n    element.all(by.id('emailInput')).sendKeys('javierreraul@gmail.com');\n    element.all(by.id('passwordInput')).sendKeys('password1234');\n    browser.actions().click(element(by.id('login-button'))).perform();\n    browser.actions().click(element(by.buttonText('Modificar perfil'))).perform();\n    element.all(by.id('input-username')).sendKeys('Raulito Modificado');\n    element.all(by.id('input-email')).sendKeys('758906@unizar.es');\n    browser.actions().click(element(by.buttonText('Guardar'))).perform();\n    expect(element.all(by.className('display-2 text-white')).getText()).toContain('Hola Raulito Modificado');\n  });\n\n  it('Should modify again his profile in the application', async () => {\n    browser.get('/#/login');\n    element.all(by.id('emailInput')).sendKeys('758906@unizar.es');\n    element.all(by.id('passwordInput')).sendKeys('password1234');\n    browser.actions().click(element(by.id('login-button'))).perform();\n    browser.actions().click(element(by.buttonText('Modificar perfil'))).perform();\n    element.all(by.id('input-username')).sendKeys('Raúl Javierre');\n    element.all(by.id('input-email')).sendKeys('javierreraul@gmail.com');\n    browser.actions().click(element(by.buttonText('Guardar'))).perform();\n    expect(element.all(by.className('display-2 text-white')).getText()).toContain('Hola Raúl Javierre');\n  });\n\n  it('Should NOT modify his profile in the application because email exists', async () => {\n    browser.get('/#/login');\n    element.all(by.id('emailInput')).sendKeys('javierreraul@gmail.com');\n    element.all(by.id('passwordInput')).sendKeys('password1234');\n    browser.actions().click(element(by.id('login-button'))).perform();\n    browser.actions().click(element(by.buttonText('Modificar perfil'))).perform();\n    element.all(by.id('input-username')).sendKeys('Raulito No Modificado');\n    element.all(by.id('input-email')).sendKeys('javierreraulwithoutdescription@gmail.com');\n    browser.actions().click(element(by.buttonText('Guardar'))).perform();\n    expect(element.all(by.id('error-response')).getText()).toContain('Error al actualizar el perfil.');\n  });\n\n  it('Should NOT modify his profile in the application because username exists', async () => {\n    browser.get('/#/login');\n    element.all(by.id('emailInput')).sendKeys('javierreraul@gmail.com');\n    element.all(by.id('passwordInput')).sendKeys('password1234');\n    browser.actions().click(element(by.id('login-button'))).perform();\n    browser.actions().click(element(by.buttonText('Modificar perfil'))).perform();\n    element.all(by.id('input-username')).sendKeys('Raúl Javierre Without Description');\n    element.all(by.id('input-email')).sendKeys('javierreraul@gmail.com');\n    browser.actions().click(element(by.buttonText('Guardar'))).perform();\n    expect(element.all(by.id('error-response')).getText()).toContain('Error al actualizar el perfil.');\n  });\n\n  it('Should delete an account', async () => {\n    browser.get('/#/login');\n    element.all(by.id('emailInput')).sendKeys('javierreraul@gmail.com');\n    element.all(by.id('passwordInput')).sendKeys('password1234');\n    browser.actions().click(element(by.id('login-button'))).perform();\n    browser.actions().click(element(by.buttonText('Borrar perfil'))).perform();\n    browser.actions().click(element(by.id('btn-delete'))).perform();\n    expect(element.all(by.className('text-white')).getText()).toContain('¡Bienvenido!');\n  });\n\n  it('Should delete another account', async () => {\n    browser.get('/#/login');\n    element.all(by.id('emailInput')).sendKeys('javierreraulwithoutdescription@gmail.com');\n    element.all(by.id('passwordInput')).sendKeys('password1234');\n    browser.actions().click(element(by.id('login-button'))).perform();\n    browser.actions().click(element(by.buttonText('Borrar perfil'))).perform();\n    browser.actions().click(element(by.id('btn-delete'))).perform();\n    expect(element.all(by.className('text-white')).getText()).toContain('¡Bienvenido!');\n  });\n});\n\n"]},"_coverageSchema":"1a1c01bbd47fc00a2c39e90264f33305004495a9","hash":"095c452df8e494f8ffbb41bbb8369f4fcdaefcb8","contentHash":"870e45c7095dcf6f836fedc09229d2ef0ff7fa1e9591ceb686e99013104db4f5"}}